::1 - - [08/Jul/2016:05:52:29 +0000] "GET / HTTP/1.1" 500 294 "-" "Mozilla/5.0 (Windows NT 6.1; WOW64) AppleWebKit/537.36 (KHTML, like Gecko) Chrome/51.0.2704.84 Safari/537.36"
::1 - - [08/Jul/2016:05:52:30 +0000] "GET / HTTP/1.1" 500 294 "-" "Mozilla/5.0 (Windows NT 6.1; WOW64) AppleWebKit/537.36 (KHTML, like Gecko) Chrome/51.0.2704.84 Safari/537.36"
::1 - - [08/Jul/2016:05:52:30 +0000] "GET / HTTP/1.1" 500 294 "-" "Mozilla/5.0 (Windows NT 6.1; WOW64) AppleWebKit/537.36 (KHTML, like Gecko) Chrome/51.0.2704.84 Safari/537.36"
::1 - - [08/Jul/2016:05:52:31 +0000] "GET / HTTP/1.1" 500 294 "-" "Mozilla/5.0 (Windows NT 6.1; WOW64) AppleWebKit/537.36 (KHTML, like Gecko) Chrome/51.0.2704.84 Safari/537.36"
::1 - - [08/Jul/2016:06:09:24 +0000] "GET / HTTP/1.1" 500 294 "-" "Mozilla/5.0 (Windows NT 6.1; WOW64) AppleWebKit/537.36 (KHTML, like Gecko) Chrome/51.0.2704.84 Safari/537.36"
::1 - - [08/Jul/2016:06:11:44 +0000] "GET / HTTP/1.1" 500 294 "-" "Mozilla/5.0 (Windows NT 6.1; WOW64) AppleWebKit/537.36 (KHTML, like Gecko) Chrome/51.0.2704.84 Safari/537.36"
::1 - - [08/Jul/2016:06:11:45 +0000] "GET / HTTP/1.1" 500 294 "-" "Mozilla/5.0 (Windows NT 6.1; WOW64) AppleWebKit/537.36 (KHTML, like Gecko) Chrome/51.0.2704.84 Safari/537.36"
::1 - - [08/Jul/2016:06:11:46 +0000] "GET / HTTP/1.1" 500 294 "-" "Mozilla/5.0 (Windows NT 6.1; WOW64) AppleWebKit/537.36 (KHTML, like Gecko) Chrome/51.0.2704.84 Safari/537.36"
::1 - - [08/Jul/2016:06:11:46 +0000] "GET / HTTP/1.1" 500 294 "-" "Mozilla/5.0 (Windows NT 6.1; WOW64) AppleWebKit/537.36 (KHTML, like Gecko) Chrome/51.0.2704.84 Safari/537.36"
::1 - - [08/Jul/2016:06:11:46 +0000] "GET / HTTP/1.1" 500 294 "-" "Mozilla/5.0 (Windows NT 6.1; WOW64) AppleWebKit/537.36 (KHTML, like Gecko) Chrome/51.0.2704.84 Safari/537.36"
::1 - - [08/Jul/2016:06:11:46 +0000] "GET / HTTP/1.1" 500 294 "-" "Mozilla/5.0 (Windows NT 6.1; WOW64) AppleWebKit/537.36 (KHTML, like Gecko) Chrome/51.0.2704.84 Safari/537.36"
::1 - - [08/Jul/2016:06:11:47 +0000] "GET / HTTP/1.1" 500 294 "-" "Mozilla/5.0 (Windows NT 6.1; WOW64) AppleWebKit/537.36 (KHTML, like Gecko) Chrome/51.0.2704.84 Safari/537.36"
::1 - - [08/Jul/2016:06:11:47 +0000] "GET / HTTP/1.1" 500 294 "-" "Mozilla/5.0 (Windows NT 6.1; WOW64) AppleWebKit/537.36 (KHTML, like Gecko) Chrome/51.0.2704.84 Safari/537.36"
::1 - - [08/Jul/2016:06:11:47 +0000] "GET / HTTP/1.1" 500 294 "-" "Mozilla/5.0 (Windows NT 6.1; WOW64) AppleWebKit/537.36 (KHTML, like Gecko) Chrome/51.0.2704.84 Safari/537.36"
::1 - - [08/Jul/2016:06:11:47 +0000] "GET / HTTP/1.1" 500 294 "-" "Mozilla/5.0 (Windows NT 6.1; WOW64) AppleWebKit/537.36 (KHTML, like Gecko) Chrome/51.0.2704.84 Safari/537.36"
::1 - - [08/Jul/2016:06:11:47 +0000] "GET / HTTP/1.1" 500 294 "-" "Mozilla/5.0 (Windows NT 6.1; WOW64) AppleWebKit/537.36 (KHTML, like Gecko) Chrome/51.0.2704.84 Safari/537.36"
::1 - - [08/Jul/2016:06:11:48 +0000] "GET / HTTP/1.1" 500 294 "-" "Mozilla/5.0 (Windows NT 6.1; WOW64) AppleWebKit/537.36 (KHTML, like Gecko) Chrome/51.0.2704.84 Safari/537.36"
::1 - - [08/Jul/2016:06:11:48 +0000] "GET / HTTP/1.1" 500 294 "-" "Mozilla/5.0 (Windows NT 6.1; WOW64) AppleWebKit/537.36 (KHTML, like Gecko) Chrome/51.0.2704.84 Safari/537.36"
::1 - - [08/Jul/2016:06:11:48 +0000] "GET / HTTP/1.1" 500 294 "-" "Mozilla/5.0 (Windows NT 6.1; WOW64) AppleWebKit/537.36 (KHTML, like Gecko) Chrome/51.0.2704.84 Safari/537.36"
::1 - - [08/Jul/2016:06:11:48 +0000] "GET / HTTP/1.1" 500 294 "-" "Mozilla/5.0 (Windows NT 6.1; WOW64) AppleWebKit/537.36 (KHTML, like Gecko) Chrome/51.0.2704.84 Safari/537.36"
::1 - - [08/Jul/2016:06:11:48 +0000] "GET / HTTP/1.1" 500 294 "-" "Mozilla/5.0 (Windows NT 6.1; WOW64) AppleWebKit/537.36 (KHTML, like Gecko) Chrome/51.0.2704.84 Safari/537.36"
::1 - - [08/Jul/2016:06:11:49 +0000] "GET / HTTP/1.1" 500 294 "-" "Mozilla/5.0 (Windows NT 6.1; WOW64) AppleWebKit/537.36 (KHTML, like Gecko) Chrome/51.0.2704.84 Safari/537.36"
::1 - - [08/Jul/2016:06:11:49 +0000] "GET / HTTP/1.1" 500 294 "-" "Mozilla/5.0 (Windows NT 6.1; WOW64) AppleWebKit/537.36 (KHTML, like Gecko) Chrome/51.0.2704.84 Safari/537.36"
::1 - - [08/Jul/2016:12:59:06 +0000] "GET /news HTTP/1.1" 200 9548 "-" "Mozilla/5.0 (Windows NT 6.1; WOW64) AppleWebKit/537.36 (KHTML, like Gecko) Chrome/51.0.2704.84 Safari/537.36"
::1 - - [08/Jul/2016:12:59:06 +0000] "GET /javascripts/jquery.min.js HTTP/1.1" 404 208 "http://localhost:3000/news" "Mozilla/5.0 (Windows NT 6.1; WOW64) AppleWebKit/537.36 (KHTML, like Gecko) Chrome/51.0.2704.84 Safari/537.36"
::1 - - [08/Jul/2016:12:59:27 +0000] "GET / HTTP/1.1" 500 294 "-" "Mozilla/5.0 (Windows NT 6.1; WOW64) AppleWebKit/537.36 (KHTML, like Gecko) Chrome/51.0.2704.84 Safari/537.36"
::1 - - [08/Jul/2016:12:59:54 +0000] "GET /signUp HTTP/1.1" 200 1255 "-" "Mozilla/5.0 (Windows NT 6.1; WOW64) AppleWebKit/537.36 (KHTML, like Gecko) Chrome/51.0.2704.84 Safari/537.36"
::1 - - [08/Jul/2016:12:59:54 +0000] "GET /js/jquery-1.12.1.min.js HTTP/1.1" 404 208 "http://localhost:3000/signUp" "Mozilla/5.0 (Windows NT 6.1; WOW64) AppleWebKit/537.36 (KHTML, like Gecko) Chrome/51.0.2704.84 Safari/537.36"
::1 - - [08/Jul/2016:13:02:51 +0000] "GET /news HTTP/1.1" 200 9586 "-" "Mozilla/5.0 (Windows NT 6.1; WOW64) AppleWebKit/537.36 (KHTML, like Gecko) Chrome/51.0.2704.84 Safari/537.36"
::1 - - [08/Jul/2016:13:02:51 +0000] "GET /javascripts/jquery.min.js HTTP/1.1" 404 208 "http://localhost:3000/news" "Mozilla/5.0 (Windows NT 6.1; WOW64) AppleWebKit/537.36 (KHTML, like Gecko) Chrome/51.0.2704.84 Safari/537.36"
::1 - - [08/Jul/2016:13:03:23 +0000] "GET /queryAll HTTP/1.1" 200 5016 "-" "Mozilla/5.0 (Windows NT 6.1; WOW64) AppleWebKit/537.36 (KHTML, like Gecko) Chrome/51.0.2704.84 Safari/537.36"
::1 - - [08/Jul/2016:13:05:09 +0000] "GET /news HTTP/1.1" 200 9577 "-" "Mozilla/5.0 (Windows NT 6.1; WOW64) AppleWebKit/537.36 (KHTML, like Gecko) Chrome/51.0.2704.84 Safari/537.36"
::1 - - [08/Jul/2016:13:05:09 +0000] "GET /queryall HTTP/1.1" 304 - "http://localhost:3000/news" "Mozilla/5.0 (Windows NT 6.1; WOW64) AppleWebKit/537.36 (KHTML, like Gecko) Chrome/51.0.2704.84 Safari/537.36"
::1 - - [08/Jul/2016:13:05:19 +0000] "GET /home HTTP/1.1" 500 248 "-" "Mozilla/5.0 (Windows NT 6.1; WOW64) AppleWebKit/537.36 (KHTML, like Gecko) Chrome/51.0.2704.84 Safari/537.36"
::1 - - [08/Jul/2016:13:06:15 +0000] "GET /home HTTP/1.1" 500 248 "-" "Mozilla/5.0 (Windows NT 6.1; WOW64) AppleWebKit/537.36 (KHTML, like Gecko) Chrome/51.0.2704.84 Safari/537.36"
::1 - - [08/Jul/2016:13:08:47 +0000] "GET / HTTP/1.1" 500 294 "-" "Mozilla/5.0 (Windows NT 6.1; WOW64) AppleWebKit/537.36 (KHTML, like Gecko) Chrome/51.0.2704.84 Safari/537.36"
::1 - - [08/Jul/2016:13:12:59 +0000] "GET / HTTP/1.1" 200 1181 "-" "Mozilla/5.0 (Windows NT 6.1; WOW64) AppleWebKit/537.36 (KHTML, like Gecko) Chrome/51.0.2704.84 Safari/537.36"
::1 - - [08/Jul/2016:13:13:02 +0000] "GET / HTTP/1.1" 304 - "-" "Mozilla/5.0 (Windows NT 6.1; WOW64) AppleWebKit/537.36 (KHTML, like Gecko) Chrome/51.0.2704.84 Safari/537.36"
::1 - - [08/Jul/2016:13:13:08 +0000] "GET /home HTTP/1.1" 500 248 "-" "Mozilla/5.0 (Windows NT 6.1; WOW64) AppleWebKit/537.36 (KHTML, like Gecko) Chrome/51.0.2704.84 Safari/537.36"
::1 - - [08/Jul/2016:13:13:08 +0000] "GET /home HTTP/1.1" 500 248 "-" "Mozilla/5.0 (Windows NT 6.1; WOW64) AppleWebKit/537.36 (KHTML, like Gecko) Chrome/51.0.2704.84 Safari/537.36"
::1 - - [08/Jul/2016:13:22:18 +0000] "GET / HTTP/1.1" 500 248 "-" "Mozilla/5.0 (Windows NT 6.1; WOW64) AppleWebKit/537.36 (KHTML, like Gecko) Chrome/51.0.2704.84 Safari/537.36"
::1 - - [08/Jul/2016:13:22:22 +0000] "GET / HTTP/1.1" 500 248 "-" "Mozilla/5.0 (Windows NT 6.1; WOW64) AppleWebKit/537.36 (KHTML, like Gecko) Chrome/51.0.2704.84 Safari/537.36"
::1 - - [08/Jul/2016:13:22:49 +0000] "GET / HTTP/1.1" 500 248 "-" "Mozilla/5.0 (Windows NT 6.1; WOW64) AppleWebKit/537.36 (KHTML, like Gecko) Chrome/51.0.2704.84 Safari/537.36"
::1 - - [08/Jul/2016:13:22:53 +0000] "GET / HTTP/1.1" 500 248 "-" "Mozilla/5.0 (Windows NT 6.1; WOW64) AppleWebKit/537.36 (KHTML, like Gecko) Chrome/51.0.2704.84 Safari/537.36"
::1 - - [08/Jul/2016:13:34:59 +0000] "GET / HTTP/1.1" 500 248 "-" "Mozilla/5.0 (Windows NT 6.1; WOW64) AppleWebKit/537.36 (KHTML, like Gecko) Chrome/51.0.2704.84 Safari/537.36"
::1 - - [08/Jul/2016:13:36:56 +0000] "GET / HTTP/1.1" 500 248 "-" "Mozilla/5.0 (Windows NT 6.1; WOW64) AppleWebKit/537.36 (KHTML, like Gecko) Chrome/51.0.2704.84 Safari/537.36"
::1 - - [08/Jul/2016:13:37:05 +0000] "GET /login HTTP/1.1" 404 208 "-" "Mozilla/5.0 (Windows NT 6.1; WOW64) AppleWebKit/537.36 (KHTML, like Gecko) Chrome/51.0.2704.84 Safari/537.36"
::1 - - [08/Jul/2016:13:37:17 +0000] "GET /signUp HTTP/1.1" 200 1248 "-" "Mozilla/5.0 (Windows NT 6.1; WOW64) AppleWebKit/537.36 (KHTML, like Gecko) Chrome/51.0.2704.84 Safari/537.36"
::1 - - [08/Jul/2016:13:37:21 +0000] "GET /news HTTP/1.1" 304 - "-" "Mozilla/5.0 (Windows NT 6.1; WOW64) AppleWebKit/537.36 (KHTML, like Gecko) Chrome/51.0.2704.84 Safari/537.36"
::1 - - [08/Jul/2016:13:37:21 +0000] "GET /queryall HTTP/1.1" 304 - "http://localhost:3000/news" "Mozilla/5.0 (Windows NT 6.1; WOW64) AppleWebKit/537.36 (KHTML, like Gecko) Chrome/51.0.2704.84 Safari/537.36"
::1 - - [08/Jul/2016:13:37:26 +0000] "GET /error HTTP/1.1" 404 208 "-" "Mozilla/5.0 (Windows NT 6.1; WOW64) AppleWebKit/537.36 (KHTML, like Gecko) Chrome/51.0.2704.84 Safari/537.36"
::1 - - [08/Jul/2016:13:48:20 +0000] "GET / HTTP/1.1" 500 248 "-" "Mozilla/5.0 (Windows NT 6.1; WOW64) AppleWebKit/537.36 (KHTML, like Gecko) Chrome/51.0.2704.84 Safari/537.36"
::1 - - [08/Jul/2016:14:15:18 +0000] "GET / HTTP/1.1" 500 1307 "-" "Mozilla/5.0 (Windows NT 6.1; WOW64) AppleWebKit/537.36 (KHTML, like Gecko) Chrome/51.0.2704.84 Safari/537.36"
::1 - - [08/Jul/2016:14:21:55 +0000] "GET / HTTP/1.1" 302 56 "-" "Mozilla/5.0 (Windows NT 6.1; WOW64) AppleWebKit/537.36 (KHTML, like Gecko) Chrome/51.0.2704.84 Safari/537.36"
::1 - - [08/Jul/2016:14:21:55 +0000] "GET /login HTTP/1.1" 404 1176 "-" "Mozilla/5.0 (Windows NT 6.1; WOW64) AppleWebKit/537.36 (KHTML, like Gecko) Chrome/51.0.2704.84 Safari/537.36"
::1 - - [08/Jul/2016:14:23:54 +0000] "GET / HTTP/1.1" 302 56 "-" "Mozilla/5.0 (Windows NT 6.1; WOW64) AppleWebKit/537.36 (KHTML, like Gecko) Chrome/51.0.2704.84 Safari/537.36"
::1 - - [08/Jul/2016:14:23:54 +0000] "GET /login HTTP/1.1" 200 1181 "-" "Mozilla/5.0 (Windows NT 6.1; WOW64) AppleWebKit/537.36 (KHTML, like Gecko) Chrome/51.0.2704.84 Safari/537.36"
::1 - - [08/Jul/2016:14:24:03 +0000] "POST /login HTTP/1.1" 500 1250 "http://localhost:3000/login" "Mozilla/5.0 (Windows NT 6.1; WOW64) AppleWebKit/537.36 (KHTML, like Gecko) Chrome/51.0.2704.84 Safari/537.36"
::1 - - [08/Jul/2016:14:25:11 +0000] "GET /login HTTP/1.1" 304 - "-" "Mozilla/5.0 (Windows NT 6.1; WOW64) AppleWebKit/537.36 (KHTML, like Gecko) Chrome/51.0.2704.84 Safari/537.36"
::1 - - [08/Jul/2016:14:25:16 +0000] "POST /login HTTP/1.1" 200 1317 "http://localhost:3000/login" "Mozilla/5.0 (Windows NT 6.1; WOW64) AppleWebKit/537.36 (KHTML, like Gecko) Chrome/51.0.2704.84 Safari/537.36"
::1 - - [08/Jul/2016:14:25:25 +0000] "GET /reg HTTP/1.1" 404 1176 "http://localhost:3000/login" "Mozilla/5.0 (Windows NT 6.1; WOW64) AppleWebKit/537.36 (KHTML, like Gecko) Chrome/51.0.2704.84 Safari/537.36"
::1 - - [08/Jul/2016:14:27:21 +0000] "GET /reg HTTP/1.1" 404 1176 "http://localhost:3000/login" "Mozilla/5.0 (Windows NT 6.1; WOW64) AppleWebKit/537.36 (KHTML, like Gecko) Chrome/51.0.2704.84 Safari/537.36"
::1 - - [08/Jul/2016:14:28:38 +0000] "GET / HTTP/1.1" 302 56 "-" "Mozilla/5.0 (Windows NT 6.1; WOW64) AppleWebKit/537.36 (KHTML, like Gecko) Chrome/51.0.2704.84 Safari/537.36"
::1 - - [08/Jul/2016:14:28:38 +0000] "GET /login HTTP/1.1" 200 1184 "-" "Mozilla/5.0 (Windows NT 6.1; WOW64) AppleWebKit/537.36 (KHTML, like Gecko) Chrome/51.0.2704.84 Safari/537.36"
::1 - - [08/Jul/2016:14:28:43 +0000] "POST /login HTTP/1.1" 200 1320 "http://localhost:3000/login" "Mozilla/5.0 (Windows NT 6.1; WOW64) AppleWebKit/537.36 (KHTML, like Gecko) Chrome/51.0.2704.84 Safari/537.36"
::1 - - [08/Jul/2016:14:28:45 +0000] "GET /signUp HTTP/1.1" 304 - "http://localhost:3000/login" "Mozilla/5.0 (Windows NT 6.1; WOW64) AppleWebKit/537.36 (KHTML, like Gecko) Chrome/51.0.2704.84 Safari/537.36"
::1 - - [08/Jul/2016:14:28:51 +0000] "POST /signUp HTTP/1.1" 200 1439 "http://localhost:3000/signUp" "Mozilla/5.0 (Windows NT 6.1; WOW64) AppleWebKit/537.36 (KHTML, like Gecko) Chrome/51.0.2704.84 Safari/537.36"
::1 - - [08/Jul/2016:14:28:52 +0000] "GET /login HTTP/1.1" 200 1184 "http://localhost:3000/signUp" "Mozilla/5.0 (Windows NT 6.1; WOW64) AppleWebKit/537.36 (KHTML, like Gecko) Chrome/51.0.2704.84 Safari/537.36"
::1 - - [08/Jul/2016:14:29:21 +0000] "GET /signUp HTTP/1.1" 200 1248 "http://localhost:3000/login" "Mozilla/5.0 (Windows NT 6.1; WOW64) AppleWebKit/537.36 (KHTML, like Gecko) Chrome/51.0.2704.84 Safari/537.36"
::1 - - [08/Jul/2016:14:29:42 +0000] "GET /signUp HTTP/1.1" 304 - "-" "Mozilla/5.0 (Windows NT 6.1; WOW64) AppleWebKit/537.36 (KHTML, like Gecko) Chrome/51.0.2704.84 Safari/537.36"
::1 - - [08/Jul/2016:14:29:46 +0000] "POST /signUp HTTP/1.1" 200 1362 "http://localhost:3000/signUp" "Mozilla/5.0 (Windows NT 6.1; WOW64) AppleWebKit/537.36 (KHTML, like Gecko) Chrome/51.0.2704.84 Safari/537.36"
::1 - - [08/Jul/2016:14:30:38 +0000] "POST /signUp HTTP/1.1" 200 1362 "http://localhost:3000/signUp" "Mozilla/5.0 (Windows NT 6.1; WOW64) AppleWebKit/537.36 (KHTML, like Gecko) Chrome/51.0.2704.84 Safari/537.36"
::1 - - [08/Jul/2016:14:30:43 +0000] "POST /signUp HTTP/1.1" 200 1362 "http://localhost:3000/signUp" "Mozilla/5.0 (Windows NT 6.1; WOW64) AppleWebKit/537.36 (KHTML, like Gecko) Chrome/51.0.2704.84 Safari/537.36"
::1 - - [08/Jul/2016:14:35:05 +0000] "POST /signUp HTTP/1.1" 200 1439 "http://localhost:3000/signUp" "Mozilla/5.0 (Windows NT 6.1; WOW64) AppleWebKit/537.36 (KHTML, like Gecko) Chrome/51.0.2704.84 Safari/537.36"
::1 - - [08/Jul/2016:14:35:06 +0000] "GET /login HTTP/1.1" 200 1184 "http://localhost:3000/signUp" "Mozilla/5.0 (Windows NT 6.1; WOW64) AppleWebKit/537.36 (KHTML, like Gecko) Chrome/51.0.2704.84 Safari/537.36"
::1 - - [08/Jul/2016:14:35:10 +0000] "POST /login HTTP/1.1" 200 1320 "http://localhost:3000/login" "Mozilla/5.0 (Windows NT 6.1; WOW64) AppleWebKit/537.36 (KHTML, like Gecko) Chrome/51.0.2704.84 Safari/537.36"
::1 - - [08/Jul/2016:14:35:18 +0000] "POST /login HTTP/1.1" 200 1320 "http://localhost:3000/login" "Mozilla/5.0 (Windows NT 6.1; WOW64) AppleWebKit/537.36 (KHTML, like Gecko) Chrome/51.0.2704.84 Safari/537.36"
::1 - - [08/Jul/2016:14:36:47 +0000] "GET /signUp HTTP/1.1" 200 1248 "http://localhost:3000/login" "Mozilla/5.0 (Windows NT 6.1; WOW64) AppleWebKit/537.36 (KHTML, like Gecko) Chrome/51.0.2704.84 Safari/537.36"
::1 - - [08/Jul/2016:14:37:08 +0000] "GET /signUp HTTP/1.1" 304 - "-" "Mozilla/5.0 (Windows NT 6.1; WOW64) AppleWebKit/537.36 (KHTML, like Gecko) Chrome/51.0.2704.84 Safari/537.36"
::1 - - [08/Jul/2016:14:37:33 +0000] "GET /login HTTP/1.1" 200 1184 "http://localhost:3000/signUp" "Mozilla/5.0 (Windows NT 6.1; WOW64) AppleWebKit/537.36 (KHTML, like Gecko) Chrome/51.0.2704.84 Safari/537.36"
::1 - - [08/Jul/2016:14:37:36 +0000] "POST /login HTTP/1.1" 200 1320 "http://localhost:3000/login" "Mozilla/5.0 (Windows NT 6.1; WOW64) AppleWebKit/537.36 (KHTML, like Gecko) Chrome/51.0.2704.84 Safari/537.36"
::1 - - [08/Jul/2016:14:38:16 +0000] "POST /login HTTP/1.1" 200 1320 "http://localhost:3000/login" "Mozilla/5.0 (Windows NT 6.1; WOW64) AppleWebKit/537.36 (KHTML, like Gecko) Chrome/51.0.2704.84 Safari/537.36"
::1 - - [08/Jul/2016:14:38:51 +0000] "GET /signUp HTTP/1.1" 304 - "http://localhost:3000/login" "Mozilla/5.0 (Windows NT 6.1; WOW64) AppleWebKit/537.36 (KHTML, like Gecko) Chrome/51.0.2704.84 Safari/537.36"
::1 - - [08/Jul/2016:14:38:55 +0000] "POST /signUp HTTP/1.1" 200 1439 "http://localhost:3000/signUp" "Mozilla/5.0 (Windows NT 6.1; WOW64) AppleWebKit/537.36 (KHTML, like Gecko) Chrome/51.0.2704.84 Safari/537.36"
::1 - - [08/Jul/2016:14:38:57 +0000] "GET /login HTTP/1.1" 200 1184 "http://localhost:3000/signUp" "Mozilla/5.0 (Windows NT 6.1; WOW64) AppleWebKit/537.36 (KHTML, like Gecko) Chrome/51.0.2704.84 Safari/537.36"
::1 - - [08/Jul/2016:14:39:00 +0000] "POST /login HTTP/1.1" 200 1320 "http://localhost:3000/login" "Mozilla/5.0 (Windows NT 6.1; WOW64) AppleWebKit/537.36 (KHTML, like Gecko) Chrome/51.0.2704.84 Safari/537.36"
::1 - - [08/Jul/2016:14:41:54 +0000] "GET /signUp HTTP/1.1" 200 1248 "http://localhost:3000/login" "Mozilla/5.0 (Windows NT 6.1; WOW64) AppleWebKit/537.36 (KHTML, like Gecko) Chrome/51.0.2704.84 Safari/537.36"
::1 - - [08/Jul/2016:14:42:27 +0000] "GET /signUp HTTP/1.1" 304 - "-" "Mozilla/5.0 (Windows NT 6.1; WOW64) AppleWebKit/537.36 (KHTML, like Gecko) Chrome/51.0.2704.84 Safari/537.36"
::1 - - [08/Jul/2016:14:42:31 +0000] "POST /signUp HTTP/1.1" 200 1439 "http://localhost:3000/signUp" "Mozilla/5.0 (Windows NT 6.1; WOW64) AppleWebKit/537.36 (KHTML, like Gecko) Chrome/51.0.2704.84 Safari/537.36"
::1 - - [08/Jul/2016:14:43:11 +0000] "GET /login HTTP/1.1" 200 1184 "http://localhost:3000/signUp" "Mozilla/5.0 (Windows NT 6.1; WOW64) AppleWebKit/537.36 (KHTML, like Gecko) Chrome/51.0.2704.84 Safari/537.36"
::1 - - [08/Jul/2016:14:43:19 +0000] "POST /login HTTP/1.1" 200 1320 "http://localhost:3000/login" "Mozilla/5.0 (Windows NT 6.1; WOW64) AppleWebKit/537.36 (KHTML, like Gecko) Chrome/51.0.2704.84 Safari/537.36"
::1 - - [08/Jul/2016:14:45:41 +0000] "POST /login HTTP/1.1" 200 1320 "http://localhost:3000/login" "Mozilla/5.0 (Windows NT 6.1; WOW64) AppleWebKit/537.36 (KHTML, like Gecko) Chrome/51.0.2704.84 Safari/537.36"
::1 - - [08/Jul/2016:14:45:46 +0000] "POST /login HTTP/1.1" 200 1320 "http://localhost:3000/login" "Mozilla/5.0 (Windows NT 6.1; WOW64) AppleWebKit/537.36 (KHTML, like Gecko) Chrome/51.0.2704.84 Safari/537.36"
::1 - - [08/Jul/2016:14:47:31 +0000] "POST /login HTTP/1.1" 200 1320 "http://localhost:3000/login" "Mozilla/5.0 (Windows NT 6.1; WOW64) AppleWebKit/537.36 (KHTML, like Gecko) Chrome/51.0.2704.84 Safari/537.36"
::1 - - [08/Jul/2016:14:47:35 +0000] "POST /login HTTP/1.1" 200 1320 "http://localhost:3000/login" "Mozilla/5.0 (Windows NT 6.1; WOW64) AppleWebKit/537.36 (KHTML, like Gecko) Chrome/51.0.2704.84 Safari/537.36"
::1 - - [08/Jul/2016:14:48:22 +0000] "POST /login HTTP/1.1" 302 46 "http://localhost:3000/login" "Mozilla/5.0 (Windows NT 6.1; WOW64) AppleWebKit/537.36 (KHTML, like Gecko) Chrome/51.0.2704.84 Safari/537.36"
::1 - - [08/Jul/2016:14:48:22 +0000] "GET / HTTP/1.1" 200 3017 "http://localhost:3000/login" "Mozilla/5.0 (Windows NT 6.1; WOW64) AppleWebKit/537.36 (KHTML, like Gecko) Chrome/51.0.2704.84 Safari/537.36"
::1 - - [08/Jul/2016:14:48:29 +0000] "GET / HTTP/1.1" 304 - "http://localhost:3000/login" "Mozilla/5.0 (Windows NT 6.1; WOW64) AppleWebKit/537.36 (KHTML, like Gecko) Chrome/51.0.2704.84 Safari/537.36"
::1 - - [08/Jul/2016:14:49:24 +0000] "GET / HTTP/1.1" 304 - "-" "Mozilla/5.0 (Windows NT 6.1; WOW64) AppleWebKit/537.36 (KHTML, like Gecko) Chrome/51.0.2704.84 Safari/537.36"
::1 - - [08/Jul/2016:14:49:24 +0000] "GET /queryall HTTP/1.1" 200 5016 "http://localhost:3000/" "Mozilla/5.0 (Windows NT 6.1; WOW64) AppleWebKit/537.36 (KHTML, like Gecko) Chrome/51.0.2704.84 Safari/537.36"
::1 - - [08/Jul/2016:14:49:31 +0000] "GET / HTTP/1.1" 304 - "-" "Mozilla/5.0 (Windows NT 6.1; WOW64) AppleWebKit/537.36 (KHTML, like Gecko) Chrome/51.0.2704.84 Safari/537.36"
::1 - - [08/Jul/2016:14:49:31 +0000] "GET /queryall HTTP/1.1" 304 - "http://localhost:3000/" "Mozilla/5.0 (Windows NT 6.1; WOW64) AppleWebKit/537.36 (KHTML, like Gecko) Chrome/51.0.2704.84 Safari/537.36"
::1 - - [08/Jul/2016:14:49:55 +0000] "GET / HTTP/1.1" 302 56 "-" "Mozilla/5.0 (Windows NT 6.1; WOW64) AppleWebKit/537.36 (KHTML, like Gecko) Chrome/51.0.2704.84 Safari/537.36"
::1 - - [08/Jul/2016:14:49:55 +0000] "GET /login HTTP/1.1" 200 1184 "-" "Mozilla/5.0 (Windows NT 6.1; WOW64) AppleWebKit/537.36 (KHTML, like Gecko) Chrome/51.0.2704.84 Safari/537.36"
::1 - - [08/Jul/2016:14:49:58 +0000] "POST /login HTTP/1.1" 302 46 "http://localhost:3000/login" "Mozilla/5.0 (Windows NT 6.1; WOW64) AppleWebKit/537.36 (KHTML, like Gecko) Chrome/51.0.2704.84 Safari/537.36"
::1 - - [08/Jul/2016:14:49:58 +0000] "GET / HTTP/1.1" 200 3017 "http://localhost:3000/login" "Mozilla/5.0 (Windows NT 6.1; WOW64) AppleWebKit/537.36 (KHTML, like Gecko) Chrome/51.0.2704.84 Safari/537.36"
::1 - - [08/Jul/2016:14:49:58 +0000] "GET /queryall HTTP/1.1" 200 5016 "http://localhost:3000/" "Mozilla/5.0 (Windows NT 6.1; WOW64) AppleWebKit/537.36 (KHTML, like Gecko) Chrome/51.0.2704.84 Safari/537.36"
::1 - - [09/Jul/2016:01:21:49 +0000] "GET / HTTP/1.1" 302 56 "-" "Mozilla/5.0 (Windows NT 6.1; WOW64) AppleWebKit/537.36 (KHTML, like Gecko) Chrome/51.0.2704.84 Safari/537.36"
::1 - - [09/Jul/2016:01:21:49 +0000] "GET /login HTTP/1.1" 200 1184 "-" "Mozilla/5.0 (Windows NT 6.1; WOW64) AppleWebKit/537.36 (KHTML, like Gecko) Chrome/51.0.2704.84 Safari/537.36"
::1 - - [09/Jul/2016:01:21:49 +0000] "GET /favicon.ico HTTP/1.1" 404 1176 "http://localhost:3000/login" "Mozilla/5.0 (Windows NT 6.1; WOW64) AppleWebKit/537.36 (KHTML, like Gecko) Chrome/51.0.2704.84 Safari/537.36"
::1 - - [09/Jul/2016:01:21:53 +0000] "POST /login HTTP/1.1" 302 46 "http://localhost:3000/login" "Mozilla/5.0 (Windows NT 6.1; WOW64) AppleWebKit/537.36 (KHTML, like Gecko) Chrome/51.0.2704.84 Safari/537.36"
::1 - - [09/Jul/2016:01:21:53 +0000] "GET / HTTP/1.1" 200 3017 "http://localhost:3000/login" "Mozilla/5.0 (Windows NT 6.1; WOW64) AppleWebKit/537.36 (KHTML, like Gecko) Chrome/51.0.2704.84 Safari/537.36"
::1 - - [09/Jul/2016:01:21:53 +0000] "GET /queryall HTTP/1.1" 304 - "http://localhost:3000/" "Mozilla/5.0 (Windows NT 6.1; WOW64) AppleWebKit/537.36 (KHTML, like Gecko) Chrome/51.0.2704.84 Safari/537.36"
::1 - - [09/Jul/2016:01:25:14 +0000] "POST /add HTTP/1.1" 200 33 "http://localhost:3000/" "Mozilla/5.0 (Windows NT 6.1; WOW64) AppleWebKit/537.36 (KHTML, like Gecko) Chrome/51.0.2704.84 Safari/537.36"
::1 - - [09/Jul/2016:01:25:18 +0000] "GET / HTTP/1.1" 304 - "http://localhost:3000/" "Mozilla/5.0 (Windows NT 6.1; WOW64) AppleWebKit/537.36 (KHTML, like Gecko) Chrome/51.0.2704.84 Safari/537.36"
::1 - - [09/Jul/2016:01:25:19 +0000] "GET /queryall HTTP/1.1" 304 - "http://localhost:3000/" "Mozilla/5.0 (Windows NT 6.1; WOW64) AppleWebKit/537.36 (KHTML, like Gecko) Chrome/51.0.2704.84 Safari/537.36"
::1 - - [09/Jul/2016:01:26:09 +0000] "POST /add HTTP/1.1" 200 33 "http://localhost:3000/" "Mozilla/5.0 (Windows NT 6.1; WOW64) AppleWebKit/537.36 (KHTML, like Gecko) Chrome/51.0.2704.84 Safari/537.36"
::1 - - [09/Jul/2016:01:26:11 +0000] "GET / HTTP/1.1" 304 - "http://localhost:3000/" "Mozilla/5.0 (Windows NT 6.1; WOW64) AppleWebKit/537.36 (KHTML, like Gecko) Chrome/51.0.2704.84 Safari/537.36"
::1 - - [09/Jul/2016:01:26:11 +0000] "GET /queryall HTTP/1.1" 304 - "http://localhost:3000/" "Mozilla/5.0 (Windows NT 6.1; WOW64) AppleWebKit/537.36 (KHTML, like Gecko) Chrome/51.0.2704.84 Safari/537.36"
::1 - - [09/Jul/2016:01:58:36 +0000] "GET / HTTP/1.1" 302 56 "-" "Mozilla/5.0 (Windows NT 6.1; WOW64) AppleWebKit/537.36 (KHTML, like Gecko) Chrome/51.0.2704.84 Safari/537.36"
::1 - - [09/Jul/2016:01:58:36 +0000] "GET /login HTTP/1.1" 200 1184 "-" "Mozilla/5.0 (Windows NT 6.1; WOW64) AppleWebKit/537.36 (KHTML, like Gecko) Chrome/51.0.2704.84 Safari/537.36"
::1 - - [09/Jul/2016:01:58:42 +0000] "POST /login HTTP/1.1" 302 46 "http://localhost:3000/login" "Mozilla/5.0 (Windows NT 6.1; WOW64) AppleWebKit/537.36 (KHTML, like Gecko) Chrome/51.0.2704.84 Safari/537.36"
::1 - - [09/Jul/2016:01:58:42 +0000] "GET / HTTP/1.1" 200 3017 "http://localhost:3000/login" "Mozilla/5.0 (Windows NT 6.1; WOW64) AppleWebKit/537.36 (KHTML, like Gecko) Chrome/51.0.2704.84 Safari/537.36"
::1 - - [09/Jul/2016:01:58:43 +0000] "GET /queryall HTTP/1.1" 304 - "http://localhost:3000/" "Mozilla/5.0 (Windows NT 6.1; WOW64) AppleWebKit/537.36 (KHTML, like Gecko) Chrome/51.0.2704.84 Safari/537.36"
::1 - - [09/Jul/2016:02:50:37 +0000] "GET / HTTP/1.1" 302 56 "-" "Mozilla/5.0 (Windows NT 6.1; WOW64) AppleWebKit/537.36 (KHTML, like Gecko) Chrome/51.0.2704.84 Safari/537.36"
::1 - - [09/Jul/2016:02:50:37 +0000] "GET /login HTTP/1.1" 200 1184 "-" "Mozilla/5.0 (Windows NT 6.1; WOW64) AppleWebKit/537.36 (KHTML, like Gecko) Chrome/51.0.2704.84 Safari/537.36"
::1 - - [09/Jul/2016:02:50:44 +0000] "POST /login HTTP/1.1" 302 46 "http://localhost:3000/login" "Mozilla/5.0 (Windows NT 6.1; WOW64) AppleWebKit/537.36 (KHTML, like Gecko) Chrome/51.0.2704.84 Safari/537.36"
::1 - - [09/Jul/2016:02:50:44 +0000] "GET / HTTP/1.1" 200 3017 "http://localhost:3000/login" "Mozilla/5.0 (Windows NT 6.1; WOW64) AppleWebKit/537.36 (KHTML, like Gecko) Chrome/51.0.2704.84 Safari/537.36"
::1 - - [09/Jul/2016:02:50:44 +0000] "GET /queryall HTTP/1.1" 304 - "http://localhost:3000/" "Mozilla/5.0 (Windows NT 6.1; WOW64) AppleWebKit/537.36 (KHTML, like Gecko) Chrome/51.0.2704.84 Safari/537.36"
::1 - - [09/Jul/2016:02:50:48 +0000] "POST /add HTTP/1.1" 200 33 "http://localhost:3000/" "Mozilla/5.0 (Windows NT 6.1; WOW64) AppleWebKit/537.36 (KHTML, like Gecko) Chrome/51.0.2704.84 Safari/537.36"
::1 - - [09/Jul/2016:02:50:51 +0000] "GET / HTTP/1.1" 304 - "http://localhost:3000/" "Mozilla/5.0 (Windows NT 6.1; WOW64) AppleWebKit/537.36 (KHTML, like Gecko) Chrome/51.0.2704.84 Safari/537.36"
::1 - - [09/Jul/2016:02:50:51 +0000] "GET /queryall HTTP/1.1" 304 - "http://localhost:3000/" "Mozilla/5.0 (Windows NT 6.1; WOW64) AppleWebKit/537.36 (KHTML, like Gecko) Chrome/51.0.2704.84 Safari/537.36"
::1 - - [09/Jul/2016:02:51:01 +0000] "POST /add HTTP/1.1" 200 33 "http://localhost:3000/" "Mozilla/5.0 (Windows NT 6.1; WOW64) AppleWebKit/537.36 (KHTML, like Gecko) Chrome/51.0.2704.84 Safari/537.36"
::1 - - [09/Jul/2016:02:51:03 +0000] "GET / HTTP/1.1" 304 - "http://localhost:3000/" "Mozilla/5.0 (Windows NT 6.1; WOW64) AppleWebKit/537.36 (KHTML, like Gecko) Chrome/51.0.2704.84 Safari/537.36"
::1 - - [09/Jul/2016:02:51:03 +0000] "GET /queryall HTTP/1.1" 304 - "http://localhost:3000/" "Mozilla/5.0 (Windows NT 6.1; WOW64) AppleWebKit/537.36 (KHTML, like Gecko) Chrome/51.0.2704.84 Safari/537.36"
::1 - - [09/Jul/2016:12:52:39 +0000] "GET / HTTP/1.1" 302 56 "-" "Mozilla/5.0 (Windows NT 6.1; WOW64) AppleWebKit/537.36 (KHTML, like Gecko) Chrome/51.0.2704.84 Safari/537.36"
::1 - - [09/Jul/2016:12:52:39 +0000] "GET /login HTTP/1.1" 200 1184 "-" "Mozilla/5.0 (Windows NT 6.1; WOW64) AppleWebKit/537.36 (KHTML, like Gecko) Chrome/51.0.2704.84 Safari/537.36"
::1 - - [09/Jul/2016:12:52:42 +0000] "POST /login HTTP/1.1" 302 46 "http://localhost:3000/login" "Mozilla/5.0 (Windows NT 6.1; WOW64) AppleWebKit/537.36 (KHTML, like Gecko) Chrome/51.0.2704.84 Safari/537.36"
::1 - - [09/Jul/2016:12:52:42 +0000] "GET / HTTP/1.1" 200 3017 "http://localhost:3000/login" "Mozilla/5.0 (Windows NT 6.1; WOW64) AppleWebKit/537.36 (KHTML, like Gecko) Chrome/51.0.2704.84 Safari/537.36"
::1 - - [09/Jul/2016:12:52:42 +0000] "GET /queryall HTTP/1.1" 304 - "http://localhost:3000/" "Mozilla/5.0 (Windows NT 6.1; WOW64) AppleWebKit/537.36 (KHTML, like Gecko) Chrome/51.0.2704.84 Safari/537.36"
::1 - - [09/Jul/2016:12:52:52 +0000] "POST /add HTTP/1.1" 200 33 "http://localhost:3000/" "Mozilla/5.0 (Windows NT 6.1; WOW64) AppleWebKit/537.36 (KHTML, like Gecko) Chrome/51.0.2704.84 Safari/537.36"
::1 - - [09/Jul/2016:12:52:52 +0000] "GET / HTTP/1.1" 304 - "http://localhost:3000/" "Mozilla/5.0 (Windows NT 6.1; WOW64) AppleWebKit/537.36 (KHTML, like Gecko) Chrome/51.0.2704.84 Safari/537.36"
::1 - - [09/Jul/2016:12:52:52 +0000] "GET /queryall HTTP/1.1" 304 - "http://localhost:3000/" "Mozilla/5.0 (Windows NT 6.1; WOW64) AppleWebKit/537.36 (KHTML, like Gecko) Chrome/51.0.2704.84 Safari/537.36"
::1 - - [09/Jul/2016:13:03:33 +0000] "GET / HTTP/1.1" 302 56 "http://localhost:3000/" "Mozilla/5.0 (Windows NT 6.1; WOW64) AppleWebKit/537.36 (KHTML, like Gecko) Chrome/51.0.2704.84 Safari/537.36"
::1 - - [09/Jul/2016:13:03:33 +0000] "GET /login HTTP/1.1" 200 1184 "http://localhost:3000/" "Mozilla/5.0 (Windows NT 6.1; WOW64) AppleWebKit/537.36 (KHTML, like Gecko) Chrome/51.0.2704.84 Safari/537.36"
::1 - - [09/Jul/2016:13:03:37 +0000] "POST /login HTTP/1.1" 302 46 "http://localhost:3000/login" "Mozilla/5.0 (Windows NT 6.1; WOW64) AppleWebKit/537.36 (KHTML, like Gecko) Chrome/51.0.2704.84 Safari/537.36"
::1 - - [09/Jul/2016:13:03:37 +0000] "GET / HTTP/1.1" 200 3017 "http://localhost:3000/login" "Mozilla/5.0 (Windows NT 6.1; WOW64) AppleWebKit/537.36 (KHTML, like Gecko) Chrome/51.0.2704.84 Safari/537.36"
::1 - - [09/Jul/2016:13:03:37 +0000] "GET /queryall HTTP/1.1" 304 - "http://localhost:3000/" "Mozilla/5.0 (Windows NT 6.1; WOW64) AppleWebKit/537.36 (KHTML, like Gecko) Chrome/51.0.2704.84 Safari/537.36"
::1 - - [09/Jul/2016:13:03:44 +0000] "POST /add HTTP/1.1" 200 33 "http://localhost:3000/" "Mozilla/5.0 (Windows NT 6.1; WOW64) AppleWebKit/537.36 (KHTML, like Gecko) Chrome/51.0.2704.84 Safari/537.36"
::1 - - [09/Jul/2016:13:03:44 +0000] "GET / HTTP/1.1" 304 - "http://localhost:3000/" "Mozilla/5.0 (Windows NT 6.1; WOW64) AppleWebKit/537.36 (KHTML, like Gecko) Chrome/51.0.2704.84 Safari/537.36"
::1 - - [09/Jul/2016:13:03:44 +0000] "GET /queryall HTTP/1.1" 304 - "http://localhost:3000/" "Mozilla/5.0 (Windows NT 6.1; WOW64) AppleWebKit/537.36 (KHTML, like Gecko) Chrome/51.0.2704.84 Safari/537.36"
::1 - - [09/Jul/2016:13:05:30 +0000] "GET / HTTP/1.1" 302 56 "http://localhost:3000/" "Mozilla/5.0 (Windows NT 6.1; WOW64) AppleWebKit/537.36 (KHTML, like Gecko) Chrome/51.0.2704.84 Safari/537.36"
::1 - - [09/Jul/2016:13:05:30 +0000] "GET /login HTTP/1.1" 200 1184 "http://localhost:3000/" "Mozilla/5.0 (Windows NT 6.1; WOW64) AppleWebKit/537.36 (KHTML, like Gecko) Chrome/51.0.2704.84 Safari/537.36"
::1 - - [09/Jul/2016:13:05:32 +0000] "POST /login HTTP/1.1" 302 46 "http://localhost:3000/login" "Mozilla/5.0 (Windows NT 6.1; WOW64) AppleWebKit/537.36 (KHTML, like Gecko) Chrome/51.0.2704.84 Safari/537.36"
::1 - - [09/Jul/2016:13:05:32 +0000] "GET / HTTP/1.1" 200 3017 "http://localhost:3000/login" "Mozilla/5.0 (Windows NT 6.1; WOW64) AppleWebKit/537.36 (KHTML, like Gecko) Chrome/51.0.2704.84 Safari/537.36"
::1 - - [09/Jul/2016:13:05:33 +0000] "GET /queryall HTTP/1.1" 304 - "http://localhost:3000/" "Mozilla/5.0 (Windows NT 6.1; WOW64) AppleWebKit/537.36 (KHTML, like Gecko) Chrome/51.0.2704.84 Safari/537.36"
::1 - - [09/Jul/2016:13:05:40 +0000] "POST /add HTTP/1.1" 200 33 "http://localhost:3000/" "Mozilla/5.0 (Windows NT 6.1; WOW64) AppleWebKit/537.36 (KHTML, like Gecko) Chrome/51.0.2704.84 Safari/537.36"
::1 - - [09/Jul/2016:13:05:40 +0000] "GET / HTTP/1.1" 304 - "http://localhost:3000/" "Mozilla/5.0 (Windows NT 6.1; WOW64) AppleWebKit/537.36 (KHTML, like Gecko) Chrome/51.0.2704.84 Safari/537.36"
::1 - - [09/Jul/2016:13:05:40 +0000] "GET /queryall HTTP/1.1" 304 - "http://localhost:3000/" "Mozilla/5.0 (Windows NT 6.1; WOW64) AppleWebKit/537.36 (KHTML, like Gecko) Chrome/51.0.2704.84 Safari/537.36"
::1 - - [09/Jul/2016:13:06:23 +0000] "GET / HTTP/1.1" 302 56 "http://localhost:3000/" "Mozilla/5.0 (Windows NT 6.1; WOW64) AppleWebKit/537.36 (KHTML, like Gecko) Chrome/51.0.2704.84 Safari/537.36"
::1 - - [09/Jul/2016:13:06:23 +0000] "GET /login HTTP/1.1" 200 1184 "http://localhost:3000/" "Mozilla/5.0 (Windows NT 6.1; WOW64) AppleWebKit/537.36 (KHTML, like Gecko) Chrome/51.0.2704.84 Safari/537.36"
::1 - - [09/Jul/2016:13:06:25 +0000] "POST /login HTTP/1.1" 302 46 "http://localhost:3000/login" "Mozilla/5.0 (Windows NT 6.1; WOW64) AppleWebKit/537.36 (KHTML, like Gecko) Chrome/51.0.2704.84 Safari/537.36"
::1 - - [09/Jul/2016:13:06:25 +0000] "GET / HTTP/1.1" 200 3017 "http://localhost:3000/login" "Mozilla/5.0 (Windows NT 6.1; WOW64) AppleWebKit/537.36 (KHTML, like Gecko) Chrome/51.0.2704.84 Safari/537.36"
::1 - - [09/Jul/2016:13:06:25 +0000] "GET /queryall HTTP/1.1" 304 - "http://localhost:3000/" "Mozilla/5.0 (Windows NT 6.1; WOW64) AppleWebKit/537.36 (KHTML, like Gecko) Chrome/51.0.2704.84 Safari/537.36"
::1 - - [09/Jul/2016:13:06:30 +0000] "POST /add HTTP/1.1" 200 41 "http://localhost:3000/" "Mozilla/5.0 (Windows NT 6.1; WOW64) AppleWebKit/537.36 (KHTML, like Gecko) Chrome/51.0.2704.84 Safari/537.36"
::1 - - [09/Jul/2016:13:06:30 +0000] "GET / HTTP/1.1" 304 - "http://localhost:3000/" "Mozilla/5.0 (Windows NT 6.1; WOW64) AppleWebKit/537.36 (KHTML, like Gecko) Chrome/51.0.2704.84 Safari/537.36"
::1 - - [09/Jul/2016:13:06:30 +0000] "GET /queryall HTTP/1.1" 200 5074 "http://localhost:3000/" "Mozilla/5.0 (Windows NT 6.1; WOW64) AppleWebKit/537.36 (KHTML, like Gecko) Chrome/51.0.2704.84 Safari/537.36"
::1 - - [09/Jul/2016:13:06:46 +0000] "POST /update HTTP/1.1" 200 33 "http://localhost:3000/" "Mozilla/5.0 (Windows NT 6.1; WOW64) AppleWebKit/537.36 (KHTML, like Gecko) Chrome/51.0.2704.84 Safari/537.36"
::1 - - [09/Jul/2016:13:06:48 +0000] "GET / HTTP/1.1" 304 - "http://localhost:3000/" "Mozilla/5.0 (Windows NT 6.1; WOW64) AppleWebKit/537.36 (KHTML, like Gecko) Chrome/51.0.2704.84 Safari/537.36"
::1 - - [09/Jul/2016:13:06:48 +0000] "GET /queryall HTTP/1.1" 304 - "http://localhost:3000/" "Mozilla/5.0 (Windows NT 6.1; WOW64) AppleWebKit/537.36 (KHTML, like Gecko) Chrome/51.0.2704.84 Safari/537.36"
::1 - - [09/Jul/2016:13:07:24 +0000] "GET / HTTP/1.1" 302 56 "http://localhost:3000/" "Mozilla/5.0 (Windows NT 6.1; WOW64) AppleWebKit/537.36 (KHTML, like Gecko) Chrome/51.0.2704.84 Safari/537.36"
::1 - - [09/Jul/2016:13:07:24 +0000] "GET /login HTTP/1.1" 200 1184 "http://localhost:3000/" "Mozilla/5.0 (Windows NT 6.1; WOW64) AppleWebKit/537.36 (KHTML, like Gecko) Chrome/51.0.2704.84 Safari/537.36"
::1 - - [09/Jul/2016:13:07:27 +0000] "POST /login HTTP/1.1" 302 46 "http://localhost:3000/login" "Mozilla/5.0 (Windows NT 6.1; WOW64) AppleWebKit/537.36 (KHTML, like Gecko) Chrome/51.0.2704.84 Safari/537.36"
::1 - - [09/Jul/2016:13:07:27 +0000] "GET / HTTP/1.1" 200 3017 "http://localhost:3000/login" "Mozilla/5.0 (Windows NT 6.1; WOW64) AppleWebKit/537.36 (KHTML, like Gecko) Chrome/51.0.2704.84 Safari/537.36"
::1 - - [09/Jul/2016:13:07:27 +0000] "GET /queryall HTTP/1.1" 304 - "http://localhost:3000/" "Mozilla/5.0 (Windows NT 6.1; WOW64) AppleWebKit/537.36 (KHTML, like Gecko) Chrome/51.0.2704.84 Safari/537.36"
::1 - - [09/Jul/2016:13:07:32 +0000] "POST /update HTTP/1.1" 200 33 "http://localhost:3000/" "Mozilla/5.0 (Windows NT 6.1; WOW64) AppleWebKit/537.36 (KHTML, like Gecko) Chrome/51.0.2704.84 Safari/537.36"
::1 - - [09/Jul/2016:13:08:23 +0000] "GET / HTTP/1.1" 304 - "http://localhost:3000/" "Mozilla/5.0 (Windows NT 6.1; WOW64) AppleWebKit/537.36 (KHTML, like Gecko) Chrome/51.0.2704.84 Safari/537.36"
::1 - - [09/Jul/2016:13:08:23 +0000] "GET /queryall HTTP/1.1" 304 - "http://localhost:3000/" "Mozilla/5.0 (Windows NT 6.1; WOW64) AppleWebKit/537.36 (KHTML, like Gecko) Chrome/51.0.2704.84 Safari/537.36"
::1 - - [09/Jul/2016:13:09:19 +0000] "POST /update HTTP/1.1" 200 33 "http://localhost:3000/" "Mozilla/5.0 (Windows NT 6.1; WOW64) AppleWebKit/537.36 (KHTML, like Gecko) Chrome/51.0.2704.84 Safari/537.36"
::1 - - [09/Jul/2016:13:09:21 +0000] "GET / HTTP/1.1" 302 56 "http://localhost:3000/" "Mozilla/5.0 (Windows NT 6.1; WOW64) AppleWebKit/537.36 (KHTML, like Gecko) Chrome/51.0.2704.84 Safari/537.36"
::1 - - [09/Jul/2016:13:09:21 +0000] "GET /login HTTP/1.1" 200 1184 "http://localhost:3000/" "Mozilla/5.0 (Windows NT 6.1; WOW64) AppleWebKit/537.36 (KHTML, like Gecko) Chrome/51.0.2704.84 Safari/537.36"
::1 - - [09/Jul/2016:13:09:34 +0000] "POST /login HTTP/1.1" 302 46 "http://localhost:3000/login" "Mozilla/5.0 (Windows NT 6.1; WOW64) AppleWebKit/537.36 (KHTML, like Gecko) Chrome/51.0.2704.84 Safari/537.36"
::1 - - [09/Jul/2016:13:09:34 +0000] "GET / HTTP/1.1" 200 3017 "http://localhost:3000/login" "Mozilla/5.0 (Windows NT 6.1; WOW64) AppleWebKit/537.36 (KHTML, like Gecko) Chrome/51.0.2704.84 Safari/537.36"
::1 - - [09/Jul/2016:13:09:34 +0000] "GET /queryall HTTP/1.1" 304 - "http://localhost:3000/" "Mozilla/5.0 (Windows NT 6.1; WOW64) AppleWebKit/537.36 (KHTML, like Gecko) Chrome/51.0.2704.84 Safari/537.36"
::1 - - [09/Jul/2016:13:20:41 +0000] "GET / HTTP/1.1" 302 56 "http://localhost:3000/login" "Mozilla/5.0 (Windows NT 6.1; WOW64) AppleWebKit/537.36 (KHTML, like Gecko) Chrome/51.0.2704.84 Safari/537.36"
::1 - - [09/Jul/2016:13:20:41 +0000] "GET /login HTTP/1.1" 200 1184 "http://localhost:3000/login" "Mozilla/5.0 (Windows NT 6.1; WOW64) AppleWebKit/537.36 (KHTML, like Gecko) Chrome/51.0.2704.84 Safari/537.36"
::1 - - [09/Jul/2016:13:20:44 +0000] "POST /login HTTP/1.1" 302 46 "http://localhost:3000/login" "Mozilla/5.0 (Windows NT 6.1; WOW64) AppleWebKit/537.36 (KHTML, like Gecko) Chrome/51.0.2704.84 Safari/537.36"
::1 - - [09/Jul/2016:13:20:44 +0000] "GET / HTTP/1.1" 200 3037 "http://localhost:3000/login" "Mozilla/5.0 (Windows NT 6.1; WOW64) AppleWebKit/537.36 (KHTML, like Gecko) Chrome/51.0.2704.84 Safari/537.36"
::1 - - [09/Jul/2016:13:20:44 +0000] "GET /queryall HTTP/1.1" 304 - "http://localhost:3000/" "Mozilla/5.0 (Windows NT 6.1; WOW64) AppleWebKit/537.36 (KHTML, like Gecko) Chrome/51.0.2704.84 Safari/537.36"
::1 - - [09/Jul/2016:13:20:50 +0000] "POST /update HTTP/1.1" 200 33 "http://localhost:3000/" "Mozilla/5.0 (Windows NT 6.1; WOW64) AppleWebKit/537.36 (KHTML, like Gecko) Chrome/51.0.2704.84 Safari/537.36"
::1 - - [09/Jul/2016:13:20:50 +0000] "GET / HTTP/1.1" 304 - "http://localhost:3000/" "Mozilla/5.0 (Windows NT 6.1; WOW64) AppleWebKit/537.36 (KHTML, like Gecko) Chrome/51.0.2704.84 Safari/537.36"
::1 - - [09/Jul/2016:13:20:50 +0000] "GET /queryall HTTP/1.1" 200 5074 "http://localhost:3000/" "Mozilla/5.0 (Windows NT 6.1; WOW64) AppleWebKit/537.36 (KHTML, like Gecko) Chrome/51.0.2704.84 Safari/537.36"
::1 - - [09/Jul/2016:13:21:25 +0000] "POST /update HTTP/1.1" 200 33 "http://localhost:3000/" "Mozilla/5.0 (Windows NT 6.1; WOW64) AppleWebKit/537.36 (KHTML, like Gecko) Chrome/51.0.2704.84 Safari/537.36"
::1 - - [09/Jul/2016:13:21:25 +0000] "GET / HTTP/1.1" 304 - "http://localhost:3000/" "Mozilla/5.0 (Windows NT 6.1; WOW64) AppleWebKit/537.36 (KHTML, like Gecko) Chrome/51.0.2704.84 Safari/537.36"
::1 - - [09/Jul/2016:13:21:25 +0000] "GET /queryall HTTP/1.1" 200 5088 "http://localhost:3000/" "Mozilla/5.0 (Windows NT 6.1; WOW64) AppleWebKit/537.36 (KHTML, like Gecko) Chrome/51.0.2704.84 Safari/537.36"
::1 - - [09/Jul/2016:13:24:08 +0000] "GET /delete?id=32 HTTP/1.1" 200 40 "http://localhost:3000/" "Mozilla/5.0 (Windows NT 6.1; WOW64) AppleWebKit/537.36 (KHTML, like Gecko) Chrome/51.0.2704.84 Safari/537.36"
::1 - - [09/Jul/2016:13:24:09 +0000] "GET / HTTP/1.1" 304 - "http://localhost:3000/" "Mozilla/5.0 (Windows NT 6.1; WOW64) AppleWebKit/537.36 (KHTML, like Gecko) Chrome/51.0.2704.84 Safari/537.36"
::1 - - [09/Jul/2016:13:24:09 +0000] "GET /queryall HTTP/1.1" 200 5030 "http://localhost:3000/" "Mozilla/5.0 (Windows NT 6.1; WOW64) AppleWebKit/537.36 (KHTML, like Gecko) Chrome/51.0.2704.84 Safari/537.36"
::1 - - [09/Jul/2016:13:26:19 +0000] "GET /news HTTP/1.1" 200 9577 "-" "Mozilla/5.0 (Windows NT 6.1; WOW64) AppleWebKit/537.36 (KHTML, like Gecko) Chrome/51.0.2704.84 Safari/537.36"
::1 - - [09/Jul/2016:13:26:19 +0000] "GET /queryall HTTP/1.1" 304 - "http://localhost:3000/news" "Mozilla/5.0 (Windows NT 6.1; WOW64) AppleWebKit/537.36 (KHTML, like Gecko) Chrome/51.0.2704.84 Safari/537.36"
::1 - - [09/Jul/2016:13:26:23 +0000] "GET /queryByCat?cat=2 HTTP/1.1" 200 1229 "http://localhost:3000/news" "Mozilla/5.0 (Windows NT 6.1; WOW64) AppleWebKit/537.36 (KHTML, like Gecko) Chrome/51.0.2704.84 Safari/537.36"
::1 - - [09/Jul/2016:13:26:25 +0000] "GET /queryByCat?cat=3 HTTP/1.1" 200 701 "http://localhost:3000/news" "Mozilla/5.0 (Windows NT 6.1; WOW64) AppleWebKit/537.36 (KHTML, like Gecko) Chrome/51.0.2704.84 Safari/537.36"
::1 - - [09/Jul/2016:13:26:26 +0000] "GET /queryByCat?cat=8 HTTP/1.1" 200 210 "http://localhost:3000/news" "Mozilla/5.0 (Windows NT 6.1; WOW64) AppleWebKit/537.36 (KHTML, like Gecko) Chrome/51.0.2704.84 Safari/537.36"
::1 - - [09/Jul/2016:13:26:27 +0000] "GET /queryByCat?cat=7 HTTP/1.1" 200 195 "http://localhost:3000/news" "Mozilla/5.0 (Windows NT 6.1; WOW64) AppleWebKit/537.36 (KHTML, like Gecko) Chrome/51.0.2704.84 Safari/537.36"
::1 - - [09/Jul/2016:13:26:27 +0000] "GET /queryByCat?cat=6 HTTP/1.1" 200 481 "http://localhost:3000/news" "Mozilla/5.0 (Windows NT 6.1; WOW64) AppleWebKit/537.36 (KHTML, like Gecko) Chrome/51.0.2704.84 Safari/537.36"
::1 - - [09/Jul/2016:13:31:46 +0000] "GET /news HTTP/1.1" 304 - "-" "Mozilla/5.0 (iPhone; CPU iPhone OS 9_1 like Mac OS X) AppleWebKit/601.1.46 (KHTML, like Gecko) Version/9.0 Mobile/13B143 Safari/601.1"
::1 - - [09/Jul/2016:13:31:46 +0000] "GET /queryall HTTP/1.1" 304 - "http://localhost:3000/news" "Mozilla/5.0 (iPhone; CPU iPhone OS 9_1 like Mac OS X) AppleWebKit/601.1.46 (KHTML, like Gecko) Version/9.0 Mobile/13B143 Safari/601.1"
::1 - - [09/Jul/2016:13:33:24 +0000] "GET /news HTTP/1.1" 304 - "-" "Mozilla/5.0 (Windows NT 6.1; WOW64) AppleWebKit/537.36 (KHTML, like Gecko) Chrome/51.0.2704.84 Safari/537.36"
::1 - - [09/Jul/2016:13:33:24 +0000] "GET /queryall HTTP/1.1" 304 - "http://localhost:3000/news" "Mozilla/5.0 (Windows NT 6.1; WOW64) AppleWebKit/537.36 (KHTML, like Gecko) Chrome/51.0.2704.84 Safari/537.36"
::1 - - [09/Jul/2016:13:33:25 +0000] "GET /news HTTP/1.1" 304 - "-" "Mozilla/5.0 (Windows NT 6.1; WOW64) AppleWebKit/537.36 (KHTML, like Gecko) Chrome/51.0.2704.84 Safari/537.36"
::1 - - [09/Jul/2016:13:33:25 +0000] "GET /queryall HTTP/1.1" 304 - "http://localhost:3000/news" "Mozilla/5.0 (Windows NT 6.1; WOW64) AppleWebKit/537.36 (KHTML, like Gecko) Chrome/51.0.2704.84 Safari/537.36"
::1 - - [09/Jul/2016:13:36:48 +0000] "GET /news HTTP/1.1" 304 - "-" "Mozilla/5.0 (Windows NT 6.1; WOW64) AppleWebKit/537.36 (KHTML, like Gecko) Chrome/51.0.2704.84 Safari/537.36"
::1 - - [09/Jul/2016:13:36:48 +0000] "GET /queryall HTTP/1.1" 304 - "http://localhost:3000/news" "Mozilla/5.0 (Windows NT 6.1; WOW64) AppleWebKit/537.36 (KHTML, like Gecko) Chrome/51.0.2704.84 Safari/537.36"
::1 - - [09/Jul/2016:13:37:24 +0000] "GET /news HTTP/1.1" 304 - "-" "Mozilla/5.0 (iPhone; CPU iPhone OS 9_1 like Mac OS X) AppleWebKit/601.1.46 (KHTML, like Gecko) Version/9.0 Mobile/13B143 Safari/601.1"
::1 - - [09/Jul/2016:13:37:24 +0000] "GET /queryall HTTP/1.1" 304 - "http://localhost:3000/news" "Mozilla/5.0 (iPhone; CPU iPhone OS 9_1 like Mac OS X) AppleWebKit/601.1.46 (KHTML, like Gecko) Version/9.0 Mobile/13B143 Safari/601.1"
::1 - - [09/Jul/2016:13:38:16 +0000] "GET /news HTTP/1.1" 304 - "-" "Mozilla/5.0 (Windows NT 6.1; WOW64) AppleWebKit/537.36 (KHTML, like Gecko) Chrome/51.0.2704.84 Safari/537.36"
::1 - - [09/Jul/2016:13:38:16 +0000] "GET /queryall HTTP/1.1" 304 - "http://localhost:3000/news" "Mozilla/5.0 (Windows NT 6.1; WOW64) AppleWebKit/537.36 (KHTML, like Gecko) Chrome/51.0.2704.84 Safari/537.36"
::1 - - [09/Jul/2016:13:43:38 +0000] "GET /news HTTP/1.1" 200 9214 "-" "Mozilla/5.0 (Windows NT 6.1; WOW64) AppleWebKit/537.36 (KHTML, like Gecko) Chrome/51.0.2704.84 Safari/537.36"
::1 - - [09/Jul/2016:13:43:38 +0000] "GET /queryall HTTP/1.1" 304 - "http://localhost:3000/news" "Mozilla/5.0 (Windows NT 6.1; WOW64) AppleWebKit/537.36 (KHTML, like Gecko) Chrome/51.0.2704.84 Safari/537.36"
::1 - - [09/Jul/2016:14:31:49 +0000] "GET / HTTP/1.1" 302 56 "-" "Mozilla/5.0 (iPhone; CPU iPhone OS 9_1 like Mac OS X) AppleWebKit/601.1.46 (KHTML, like Gecko) Version/9.0 Mobile/13B143 Safari/601.1"
::1 - - [09/Jul/2016:14:31:49 +0000] "GET /login HTTP/1.1" 200 1184 "-" "Mozilla/5.0 (iPhone; CPU iPhone OS 9_1 like Mac OS X) AppleWebKit/601.1.46 (KHTML, like Gecko) Version/9.0 Mobile/13B143 Safari/601.1"
::1 - - [09/Jul/2016:14:31:55 +0000] "POST /login HTTP/1.1" 302 46 "http://localhost:3000/login" "Mozilla/5.0 (Windows NT 6.1; WOW64) AppleWebKit/537.36 (KHTML, like Gecko) Chrome/51.0.2704.84 Safari/537.36"
::1 - - [09/Jul/2016:14:31:55 +0000] "GET / HTTP/1.1" 200 3037 "http://localhost:3000/login" "Mozilla/5.0 (Windows NT 6.1; WOW64) AppleWebKit/537.36 (KHTML, like Gecko) Chrome/51.0.2704.84 Safari/537.36"
::1 - - [09/Jul/2016:14:31:55 +0000] "GET /queryall HTTP/1.1" 304 - "http://localhost:3000/" "Mozilla/5.0 (Windows NT 6.1; WOW64) AppleWebKit/537.36 (KHTML, like Gecko) Chrome/51.0.2704.84 Safari/537.36"
::1 - - [09/Jul/2016:14:34:43 +0000] "GET / HTTP/1.1" 302 56 "http://localhost:3000/login" "Mozilla/5.0 (Windows NT 6.1; WOW64) AppleWebKit/537.36 (KHTML, like Gecko) Chrome/51.0.2704.84 Safari/537.36"
::1 - - [09/Jul/2016:14:34:43 +0000] "GET /login HTTP/1.1" 200 1184 "http://localhost:3000/login" "Mozilla/5.0 (Windows NT 6.1; WOW64) AppleWebKit/537.36 (KHTML, like Gecko) Chrome/51.0.2704.84 Safari/537.36"
::1 - - [09/Jul/2016:14:34:46 +0000] "POST /login HTTP/1.1" 302 46 "http://localhost:3000/login" "Mozilla/5.0 (Windows NT 6.1; WOW64) AppleWebKit/537.36 (KHTML, like Gecko) Chrome/51.0.2704.84 Safari/537.36"
::1 - - [09/Jul/2016:14:34:46 +0000] "GET / HTTP/1.1" 200 3037 "http://localhost:3000/login" "Mozilla/5.0 (Windows NT 6.1; WOW64) AppleWebKit/537.36 (KHTML, like Gecko) Chrome/51.0.2704.84 Safari/537.36"
::1 - - [09/Jul/2016:14:34:46 +0000] "GET /queryall HTTP/1.1" 304 - "http://localhost:3000/" "Mozilla/5.0 (Windows NT 6.1; WOW64) AppleWebKit/537.36 (KHTML, like Gecko) Chrome/51.0.2704.84 Safari/537.36"
::1 - - [10/Jul/2016:12:52:41 +0000] "GET / HTTP/1.1" 302 56 "-" "Mozilla/5.0 (Windows NT 6.1; WOW64) AppleWebKit/537.36 (KHTML, like Gecko) Chrome/51.0.2704.84 Safari/537.36"
::1 - - [10/Jul/2016:12:52:41 +0000] "GET /login HTTP/1.1" 200 1184 "-" "Mozilla/5.0 (Windows NT 6.1; WOW64) AppleWebKit/537.36 (KHTML, like Gecko) Chrome/51.0.2704.84 Safari/537.36"
::1 - - [10/Jul/2016:12:52:41 +0000] "GET /favicon.ico HTTP/1.1" 404 1176 "http://localhost:3000/login" "Mozilla/5.0 (Windows NT 6.1; WOW64) AppleWebKit/537.36 (KHTML, like Gecko) Chrome/51.0.2704.84 Safari/537.36"
::1 - - [10/Jul/2016:13:21:13 +0000] "GET / HTTP/1.1" 302 56 "-" "Mozilla/5.0 (Windows NT 6.1; WOW64) AppleWebKit/537.36 (KHTML, like Gecko) Chrome/51.0.2704.84 Safari/537.36"
::1 - - [10/Jul/2016:13:21:13 +0000] "GET /login HTTP/1.1" 500 2928 "-" "Mozilla/5.0 (Windows NT 6.1; WOW64) AppleWebKit/537.36 (KHTML, like Gecko) Chrome/51.0.2704.84 Safari/537.36"
::1 - - [10/Jul/2016:13:24:18 +0000] "GET / HTTP/1.1" 302 56 "-" "Mozilla/5.0 (Windows NT 6.1; WOW64) AppleWebKit/537.36 (KHTML, like Gecko) Chrome/51.0.2704.84 Safari/537.36"
::1 - - [10/Jul/2016:13:24:18 +0000] "GET /login HTTP/1.1" 500 2908 "-" "Mozilla/5.0 (Windows NT 6.1; WOW64) AppleWebKit/537.36 (KHTML, like Gecko) Chrome/51.0.2704.84 Safari/537.36"
::1 - - [10/Jul/2016:13:24:23 +0000] "GET / HTTP/1.1" 302 56 "-" "Mozilla/5.0 (Windows NT 6.1; WOW64) AppleWebKit/537.36 (KHTML, like Gecko) Chrome/51.0.2704.84 Safari/537.36"
::1 - - [10/Jul/2016:13:24:23 +0000] "GET /login HTTP/1.1" 500 2908 "-" "Mozilla/5.0 (Windows NT 6.1; WOW64) AppleWebKit/537.36 (KHTML, like Gecko) Chrome/51.0.2704.84 Safari/537.36"
::1 - - [10/Jul/2016:13:36:45 +0000] "GET / HTTP/1.1" 302 56 "-" "Mozilla/5.0 (Windows NT 6.1; WOW64) AppleWebKit/537.36 (KHTML, like Gecko) Chrome/51.0.2704.84 Safari/537.36"
::1 - - [10/Jul/2016:13:36:45 +0000] "GET /login HTTP/1.1" 500 2928 "-" "Mozilla/5.0 (Windows NT 6.1; WOW64) AppleWebKit/537.36 (KHTML, like Gecko) Chrome/51.0.2704.84 Safari/537.36"
::1 - - [10/Jul/2016:13:48:12 +0000] "GET / HTTP/1.1" 302 56 "-" "Mozilla/5.0 (Windows NT 6.1; WOW64) AppleWebKit/537.36 (KHTML, like Gecko) Chrome/51.0.2704.84 Safari/537.36"
::1 - - [10/Jul/2016:13:48:12 +0000] "GET /login HTTP/1.1" 200 1285 "-" "Mozilla/5.0 (Windows NT 6.1; WOW64) AppleWebKit/537.36 (KHTML, like Gecko) Chrome/51.0.2704.84 Safari/537.36"
::1 - - [10/Jul/2016:13:48:15 +0000] "POST /login HTTP/1.1" 302 46 "http://localhost:3000/login" "Mozilla/5.0 (Windows NT 6.1; WOW64) AppleWebKit/537.36 (KHTML, like Gecko) Chrome/51.0.2704.84 Safari/537.36"
::1 - - [10/Jul/2016:13:48:15 +0000] "GET / HTTP/1.1" 500 2470 "http://localhost:3000/login" "Mozilla/5.0 (Windows NT 6.1; WOW64) AppleWebKit/537.36 (KHTML, like Gecko) Chrome/51.0.2704.84 Safari/537.36"
::1 - - [10/Jul/2016:13:49:54 +0000] "GET / HTTP/1.1" 302 56 "http://localhost:3000/login" "Mozilla/5.0 (Windows NT 6.1; WOW64) AppleWebKit/537.36 (KHTML, like Gecko) Chrome/51.0.2704.84 Safari/537.36"
::1 - - [10/Jul/2016:13:49:54 +0000] "GET /login HTTP/1.1" 200 1285 "http://localhost:3000/login" "Mozilla/5.0 (Windows NT 6.1; WOW64) AppleWebKit/537.36 (KHTML, like Gecko) Chrome/51.0.2704.84 Safari/537.36"
::1 - - [10/Jul/2016:13:49:56 +0000] "POST /login HTTP/1.1" 302 46 "http://localhost:3000/login" "Mozilla/5.0 (Windows NT 6.1; WOW64) AppleWebKit/537.36 (KHTML, like Gecko) Chrome/51.0.2704.84 Safari/537.36"
::1 - - [10/Jul/2016:13:49:56 +0000] "GET / HTTP/1.1" 200 3136 "http://localhost:3000/login" "Mozilla/5.0 (Windows NT 6.1; WOW64) AppleWebKit/537.36 (KHTML, like Gecko) Chrome/51.0.2704.84 Safari/537.36"
::1 - - [10/Jul/2016:13:49:57 +0000] "GET /queryall HTTP/1.1" 304 - "http://localhost:3000/" "Mozilla/5.0 (Windows NT 6.1; WOW64) AppleWebKit/537.36 (KHTML, like Gecko) Chrome/51.0.2704.84 Safari/537.36"
::1 - - [10/Jul/2016:13:55:03 +0000] "GET / HTTP/1.1" 302 56 "-" "Mozilla/5.0 (Windows NT 6.1; WOW64) AppleWebKit/537.36 (KHTML, like Gecko) Chrome/51.0.2704.84 Safari/537.36"
::1 - - [10/Jul/2016:13:55:03 +0000] "GET /login HTTP/1.1" 200 1285 "-" "Mozilla/5.0 (Windows NT 6.1; WOW64) AppleWebKit/537.36 (KHTML, like Gecko) Chrome/51.0.2704.84 Safari/537.36"
::1 - - [10/Jul/2016:13:55:03 +0000] "GET /favicon.ico HTTP/1.1" 404 1146 "http://localhost:3000/login" "Mozilla/5.0 (Windows NT 6.1; WOW64) AppleWebKit/537.36 (KHTML, like Gecko) Chrome/51.0.2704.84 Safari/537.36"
::1 - - [10/Jul/2016:13:55:05 +0000] "POST /login HTTP/1.1" 302 46 "http://localhost:3000/login" "Mozilla/5.0 (Windows NT 6.1; WOW64) AppleWebKit/537.36 (KHTML, like Gecko) Chrome/51.0.2704.84 Safari/537.36"
::1 - - [10/Jul/2016:13:55:05 +0000] "GET / HTTP/1.1" 200 3136 "http://localhost:3000/login" "Mozilla/5.0 (Windows NT 6.1; WOW64) AppleWebKit/537.36 (KHTML, like Gecko) Chrome/51.0.2704.84 Safari/537.36"
::1 - - [10/Jul/2016:13:55:05 +0000] "GET /queryall HTTP/1.1" 304 - "http://localhost:3000/" "Mozilla/5.0 (Windows NT 6.1; WOW64) AppleWebKit/537.36 (KHTML, like Gecko) Chrome/51.0.2704.84 Safari/537.36"
::1 - - [10/Jul/2016:13:55:30 +0000] "GET / HTTP/1.1" 200 3136 "http://localhost:3000/login" "Mozilla/5.0 (Windows NT 6.1; WOW64) AppleWebKit/537.36 (KHTML, like Gecko) Chrome/51.0.2704.84 Safari/537.36"
::1 - - [10/Jul/2016:13:55:30 +0000] "GET /queryall HTTP/1.1" 304 - "http://localhost:3000/" "Mozilla/5.0 (Windows NT 6.1; WOW64) AppleWebKit/537.36 (KHTML, like Gecko) Chrome/51.0.2704.84 Safari/537.36"
::1 - - [10/Jul/2016:13:55:32 +0000] "GET / HTTP/1.1" 200 3136 "http://localhost:3000/login" "Mozilla/5.0 (Windows NT 6.1; WOW64) AppleWebKit/537.36 (KHTML, like Gecko) Chrome/51.0.2704.84 Safari/537.36"
::1 - - [10/Jul/2016:13:55:32 +0000] "GET /queryall HTTP/1.1" 304 - "http://localhost:3000/" "Mozilla/5.0 (Windows NT 6.1; WOW64) AppleWebKit/537.36 (KHTML, like Gecko) Chrome/51.0.2704.84 Safari/537.36"
::1 - - [10/Jul/2016:13:55:43 +0000] "GET / HTTP/1.1" 200 3136 "http://localhost:3000/login" "Mozilla/5.0 (Windows NT 6.1; WOW64) AppleWebKit/537.36 (KHTML, like Gecko) Chrome/51.0.2704.84 Safari/537.36"
::1 - - [10/Jul/2016:13:55:43 +0000] "GET /queryall HTTP/1.1" 304 - "http://localhost:3000/" "Mozilla/5.0 (Windows NT 6.1; WOW64) AppleWebKit/537.36 (KHTML, like Gecko) Chrome/51.0.2704.84 Safari/537.36"
::1 - - [10/Jul/2016:13:55:46 +0000] "GET / HTTP/1.1" 200 3136 "http://localhost:3000/login" "Mozilla/5.0 (Windows NT 6.1; WOW64) AppleWebKit/537.36 (KHTML, like Gecko) Chrome/51.0.2704.84 Safari/537.36"
::1 - - [10/Jul/2016:13:55:46 +0000] "GET /queryall HTTP/1.1" 304 - "http://localhost:3000/" "Mozilla/5.0 (Windows NT 6.1; WOW64) AppleWebKit/537.36 (KHTML, like Gecko) Chrome/51.0.2704.84 Safari/537.36"
::1 - - [10/Jul/2016:13:57:40 +0000] "GET / HTTP/1.1" 302 56 "http://localhost:3000/login" "Mozilla/5.0 (Windows NT 6.1; WOW64) AppleWebKit/537.36 (KHTML, like Gecko) Chrome/51.0.2704.84 Safari/537.36"
::1 - - [10/Jul/2016:13:57:40 +0000] "GET /login HTTP/1.1" 200 1285 "http://localhost:3000/login" "Mozilla/5.0 (Windows NT 6.1; WOW64) AppleWebKit/537.36 (KHTML, like Gecko) Chrome/51.0.2704.84 Safari/537.36"
::1 - - [10/Jul/2016:13:57:44 +0000] "POST /login HTTP/1.1" 302 46 "http://localhost:3000/login" "Mozilla/5.0 (Windows NT 6.1; WOW64) AppleWebKit/537.36 (KHTML, like Gecko) Chrome/51.0.2704.84 Safari/537.36"
::1 - - [10/Jul/2016:13:57:44 +0000] "GET / HTTP/1.1" 200 3136 "http://localhost:3000/login" "Mozilla/5.0 (Windows NT 6.1; WOW64) AppleWebKit/537.36 (KHTML, like Gecko) Chrome/51.0.2704.84 Safari/537.36"
::1 - - [10/Jul/2016:13:57:44 +0000] "GET /queryall HTTP/1.1" 304 - "http://localhost:3000/" "Mozilla/5.0 (Windows NT 6.1; WOW64) AppleWebKit/537.36 (KHTML, like Gecko) Chrome/51.0.2704.84 Safari/537.36"
::1 - - [10/Jul/2016:13:58:28 +0000] "GET / HTTP/1.1" 200 3136 "http://localhost:3000/login" "Mozilla/5.0 (Windows NT 6.1; WOW64) AppleWebKit/537.36 (KHTML, like Gecko) Chrome/51.0.2704.84 Safari/537.36"
::1 - - [10/Jul/2016:13:58:28 +0000] "GET /queryall HTTP/1.1" 304 - "http://localhost:3000/" "Mozilla/5.0 (Windows NT 6.1; WOW64) AppleWebKit/537.36 (KHTML, like Gecko) Chrome/51.0.2704.84 Safari/537.36"
::1 - - [10/Jul/2016:13:59:09 +0000] "GET / HTTP/1.1" 302 56 "http://localhost:3000/login" "Mozilla/5.0 (Windows NT 6.1; WOW64) AppleWebKit/537.36 (KHTML, like Gecko) Chrome/51.0.2704.84 Safari/537.36"
::1 - - [10/Jul/2016:13:59:09 +0000] "GET /login HTTP/1.1" 200 1285 "http://localhost:3000/login" "Mozilla/5.0 (Windows NT 6.1; WOW64) AppleWebKit/537.36 (KHTML, like Gecko) Chrome/51.0.2704.84 Safari/537.36"
::1 - - [10/Jul/2016:13:59:13 +0000] "POST /login HTTP/1.1" 302 46 "http://localhost:3000/login" "Mozilla/5.0 (Windows NT 6.1; WOW64) AppleWebKit/537.36 (KHTML, like Gecko) Chrome/51.0.2704.84 Safari/537.36"
::1 - - [10/Jul/2016:13:59:13 +0000] "GET / HTTP/1.1" 200 3136 "http://localhost:3000/login" "Mozilla/5.0 (Windows NT 6.1; WOW64) AppleWebKit/537.36 (KHTML, like Gecko) Chrome/51.0.2704.84 Safari/537.36"
::1 - - [10/Jul/2016:13:59:13 +0000] "GET /queryall HTTP/1.1" 304 - "http://localhost:3000/" "Mozilla/5.0 (Windows NT 6.1; WOW64) AppleWebKit/537.36 (KHTML, like Gecko) Chrome/51.0.2704.84 Safari/537.36"
::1 - - [10/Jul/2016:13:59:23 +0000] "POST /update HTTP/1.1" 200 33 "http://localhost:3000/" "Mozilla/5.0 (Windows NT 6.1; WOW64) AppleWebKit/537.36 (KHTML, like Gecko) Chrome/51.0.2704.84 Safari/537.36"
::1 - - [10/Jul/2016:13:59:23 +0000] "GET / HTTP/1.1" 200 3136 "http://localhost:3000/" "Mozilla/5.0 (Windows NT 6.1; WOW64) AppleWebKit/537.36 (KHTML, like Gecko) Chrome/51.0.2704.84 Safari/537.36"
::1 - - [10/Jul/2016:13:59:23 +0000] "GET /queryall HTTP/1.1" 200 5077 "http://localhost:3000/" "Mozilla/5.0 (Windows NT 6.1; WOW64) AppleWebKit/537.36 (KHTML, like Gecko) Chrome/51.0.2704.84 Safari/537.36"
::1 - - [10/Jul/2016:14:00:36 +0000] "GET / HTTP/1.1" 200 3136 "http://localhost:3000/" "Mozilla/5.0 (Windows NT 6.1; WOW64) AppleWebKit/537.36 (KHTML, like Gecko) Chrome/51.0.2704.84 Safari/537.36"
::1 - - [10/Jul/2016:14:00:36 +0000] "GET /queryall HTTP/1.1" 304 - "http://localhost:3000/" "Mozilla/5.0 (Windows NT 6.1; WOW64) AppleWebKit/537.36 (KHTML, like Gecko) Chrome/51.0.2704.84 Safari/537.36"
::1 - - [10/Jul/2016:14:00:44 +0000] "POST /update HTTP/1.1" 200 33 "http://localhost:3000/" "Mozilla/5.0 (Windows NT 6.1; WOW64) AppleWebKit/537.36 (KHTML, like Gecko) Chrome/51.0.2704.84 Safari/537.36"
::1 - - [10/Jul/2016:14:00:44 +0000] "GET / HTTP/1.1" 200 3136 "http://localhost:3000/" "Mozilla/5.0 (Windows NT 6.1; WOW64) AppleWebKit/537.36 (KHTML, like Gecko) Chrome/51.0.2704.84 Safari/537.36"
::1 - - [10/Jul/2016:14:00:44 +0000] "GET /queryall HTTP/1.1" 200 5084 "http://localhost:3000/" "Mozilla/5.0 (Windows NT 6.1; WOW64) AppleWebKit/537.36 (KHTML, like Gecko) Chrome/51.0.2704.84 Safari/537.36"
::1 - - [10/Jul/2016:14:08:04 +0000] "GET / HTTP/1.1" 302 56 "http://localhost:3000/" "Mozilla/5.0 (Windows NT 6.1; WOW64) AppleWebKit/537.36 (KHTML, like Gecko) Chrome/51.0.2704.84 Safari/537.36"
::1 - - [10/Jul/2016:14:08:04 +0000] "GET /login HTTP/1.1" 200 1285 "http://localhost:3000/" "Mozilla/5.0 (Windows NT 6.1; WOW64) AppleWebKit/537.36 (KHTML, like Gecko) Chrome/51.0.2704.84 Safari/537.36"
::1 - - [10/Jul/2016:14:08:07 +0000] "POST /login HTTP/1.1" 302 46 "http://localhost:3000/login" "Mozilla/5.0 (Windows NT 6.1; WOW64) AppleWebKit/537.36 (KHTML, like Gecko) Chrome/51.0.2704.84 Safari/537.36"
::1 - - [10/Jul/2016:14:08:07 +0000] "GET / HTTP/1.1" 200 3136 "http://localhost:3000/login" "Mozilla/5.0 (Windows NT 6.1; WOW64) AppleWebKit/537.36 (KHTML, like Gecko) Chrome/51.0.2704.84 Safari/537.36"
::1 - - [10/Jul/2016:14:08:07 +0000] "GET /queryall HTTP/1.1" 304 - "http://localhost:3000/" "Mozilla/5.0 (Windows NT 6.1; WOW64) AppleWebKit/537.36 (KHTML, like Gecko) Chrome/51.0.2704.84 Safari/537.36"
::1 - - [10/Jul/2016:14:26:41 +0000] "GET / HTTP/1.1" 302 56 "http://localhost:3000/login" "Mozilla/5.0 (Windows NT 6.1; WOW64) AppleWebKit/537.36 (KHTML, like Gecko) Chrome/51.0.2704.84 Safari/537.36"
::1 - - [10/Jul/2016:14:26:41 +0000] "GET /login HTTP/1.1" 200 1285 "http://localhost:3000/login" "Mozilla/5.0 (Windows NT 6.1; WOW64) AppleWebKit/537.36 (KHTML, like Gecko) Chrome/51.0.2704.84 Safari/537.36"
::1 - - [10/Jul/2016:14:26:44 +0000] "POST /login HTTP/1.1" 302 46 "http://localhost:3000/login" "Mozilla/5.0 (Windows NT 6.1; WOW64) AppleWebKit/537.36 (KHTML, like Gecko) Chrome/51.0.2704.84 Safari/537.36"
::1 - - [10/Jul/2016:14:26:44 +0000] "GET / HTTP/1.1" 200 3136 "http://localhost:3000/login" "Mozilla/5.0 (Windows NT 6.1; WOW64) AppleWebKit/537.36 (KHTML, like Gecko) Chrome/51.0.2704.84 Safari/537.36"
::1 - - [10/Jul/2016:14:26:44 +0000] "GET /queryall HTTP/1.1" 304 - "http://localhost:3000/" "Mozilla/5.0 (Windows NT 6.1; WOW64) AppleWebKit/537.36 (KHTML, like Gecko) Chrome/51.0.2704.84 Safari/537.36"
::1 - - [10/Jul/2016:14:27:48 +0000] "GET / HTTP/1.1" 302 56 "http://localhost:3000/login" "Mozilla/5.0 (Windows NT 6.1; WOW64) AppleWebKit/537.36 (KHTML, like Gecko) Chrome/51.0.2704.84 Safari/537.36"
::1 - - [10/Jul/2016:14:27:48 +0000] "GET /login HTTP/1.1" 200 1285 "http://localhost:3000/login" "Mozilla/5.0 (Windows NT 6.1; WOW64) AppleWebKit/537.36 (KHTML, like Gecko) Chrome/51.0.2704.84 Safari/537.36"
::1 - - [10/Jul/2016:14:27:53 +0000] "POST /login HTTP/1.1" 302 46 "http://localhost:3000/login" "Mozilla/5.0 (Windows NT 6.1; WOW64) AppleWebKit/537.36 (KHTML, like Gecko) Chrome/51.0.2704.84 Safari/537.36"
::1 - - [10/Jul/2016:14:27:53 +0000] "GET / HTTP/1.1" 200 3136 "http://localhost:3000/login" "Mozilla/5.0 (Windows NT 6.1; WOW64) AppleWebKit/537.36 (KHTML, like Gecko) Chrome/51.0.2704.84 Safari/537.36"
::1 - - [10/Jul/2016:14:27:53 +0000] "GET /queryall HTTP/1.1" 304 - "http://localhost:3000/" "Mozilla/5.0 (Windows NT 6.1; WOW64) AppleWebKit/537.36 (KHTML, like Gecko) Chrome/51.0.2704.84 Safari/537.36"
::1 - - [10/Jul/2016:14:28:25 +0000] "POST /add HTTP/1.1" 200 41 "http://localhost:3000/" "Mozilla/5.0 (Windows NT 6.1; WOW64) AppleWebKit/537.36 (KHTML, like Gecko) Chrome/51.0.2704.84 Safari/537.36"
::1 - - [10/Jul/2016:14:28:25 +0000] "GET / HTTP/1.1" 200 3136 "http://localhost:3000/" "Mozilla/5.0 (Windows NT 6.1; WOW64) AppleWebKit/537.36 (KHTML, like Gecko) Chrome/51.0.2704.84 Safari/537.36"
::1 - - [10/Jul/2016:14:28:55 +0000] "GET / HTTP/1.1" 302 56 "http://localhost:3000/" "Mozilla/5.0 (Windows NT 6.1; WOW64) AppleWebKit/537.36 (KHTML, like Gecko) Chrome/51.0.2704.84 Safari/537.36"
::1 - - [10/Jul/2016:14:28:55 +0000] "GET /login HTTP/1.1" 200 1285 "http://localhost:3000/" "Mozilla/5.0 (Windows NT 6.1; WOW64) AppleWebKit/537.36 (KHTML, like Gecko) Chrome/51.0.2704.84 Safari/537.36"
::1 - - [10/Jul/2016:14:28:58 +0000] "POST /login HTTP/1.1" 302 46 "http://localhost:3000/login" "Mozilla/5.0 (Windows NT 6.1; WOW64) AppleWebKit/537.36 (KHTML, like Gecko) Chrome/51.0.2704.84 Safari/537.36"
::1 - - [10/Jul/2016:14:28:58 +0000] "GET / HTTP/1.1" 200 3136 "http://localhost:3000/login" "Mozilla/5.0 (Windows NT 6.1; WOW64) AppleWebKit/537.36 (KHTML, like Gecko) Chrome/51.0.2704.84 Safari/537.36"
::1 - - [10/Jul/2016:14:28:59 +0000] "GET /queryall HTTP/1.1" 200 5193 "http://localhost:3000/" "Mozilla/5.0 (Windows NT 6.1; WOW64) AppleWebKit/537.36 (KHTML, like Gecko) Chrome/51.0.2704.84 Safari/537.36"
::1 - - [10/Jul/2016:14:29:20 +0000] "POST /add HTTP/1.1" 200 41 "http://localhost:3000/" "Mozilla/5.0 (Windows NT 6.1; WOW64) AppleWebKit/537.36 (KHTML, like Gecko) Chrome/51.0.2704.84 Safari/537.36"
::1 - - [10/Jul/2016:14:29:20 +0000] "GET / HTTP/1.1" 200 3136 "http://localhost:3000/" "Mozilla/5.0 (Windows NT 6.1; WOW64) AppleWebKit/537.36 (KHTML, like Gecko) Chrome/51.0.2704.84 Safari/537.36"
::1 - - [10/Jul/2016:14:29:20 +0000] "GET /queryall HTTP/1.1" 200 5333 "http://localhost:3000/" "Mozilla/5.0 (Windows NT 6.1; WOW64) AppleWebKit/537.36 (KHTML, like Gecko) Chrome/51.0.2704.84 Safari/537.36"
::1 - - [11/Jul/2016:00:59:39 +0000] "GET / HTTP/1.1" 302 56 "-" "Mozilla/5.0 (Windows NT 6.1; WOW64) AppleWebKit/537.36 (KHTML, like Gecko) Chrome/51.0.2704.84 Safari/537.36"
::1 - - [11/Jul/2016:00:59:39 +0000] "GET /login HTTP/1.1" 200 1285 "-" "Mozilla/5.0 (Windows NT 6.1; WOW64) AppleWebKit/537.36 (KHTML, like Gecko) Chrome/51.0.2704.84 Safari/537.36"
::1 - - [11/Jul/2016:00:59:39 +0000] "GET /favicon.ico HTTP/1.1" 404 1146 "http://localhost:3000/login" "Mozilla/5.0 (Windows NT 6.1; WOW64) AppleWebKit/537.36 (KHTML, like Gecko) Chrome/51.0.2704.84 Safari/537.36"
::1 - - [11/Jul/2016:00:59:42 +0000] "GET /news HTTP/1.1" 304 - "-" "Mozilla/5.0 (Windows NT 6.1; WOW64) AppleWebKit/537.36 (KHTML, like Gecko) Chrome/51.0.2704.84 Safari/537.36"
::1 - - [11/Jul/2016:00:59:42 +0000] "GET /queryall HTTP/1.1" 304 - "http://localhost:3000/news" "Mozilla/5.0 (Windows NT 6.1; WOW64) AppleWebKit/537.36 (KHTML, like Gecko) Chrome/51.0.2704.84 Safari/537.36"
::1 - - [11/Jul/2016:00:59:51 +0000] "GET /queryByCat?cat=1 HTTP/1.1" 200 1290 "http://localhost:3000/news" "Mozilla/5.0 (iPhone; CPU iPhone OS 9_1 like Mac OS X) AppleWebKit/601.1.46 (KHTML, like Gecko) Version/9.0 Mobile/13B143 Safari/601.1"
::1 - - [11/Jul/2016:00:59:52 +0000] "GET /queryByCat?cat=2 HTTP/1.1" 304 - "http://localhost:3000/news" "Mozilla/5.0 (iPhone; CPU iPhone OS 9_1 like Mac OS X) AppleWebKit/601.1.46 (KHTML, like Gecko) Version/9.0 Mobile/13B143 Safari/601.1"
::1 - - [11/Jul/2016:00:59:53 +0000] "GET /queryByCat?cat=7 HTTP/1.1" 304 - "http://localhost:3000/news" "Mozilla/5.0 (iPhone; CPU iPhone OS 9_1 like Mac OS X) AppleWebKit/601.1.46 (KHTML, like Gecko) Version/9.0 Mobile/13B143 Safari/601.1"
::1 - - [11/Jul/2016:00:59:54 +0000] "GET /queryByCat?cat=6 HTTP/1.1" 304 - "http://localhost:3000/news" "Mozilla/5.0 (iPhone; CPU iPhone OS 9_1 like Mac OS X) AppleWebKit/601.1.46 (KHTML, like Gecko) Version/9.0 Mobile/13B143 Safari/601.1"
::1 - - [11/Jul/2016:00:59:55 +0000] "GET /queryByCat?cat=8 HTTP/1.1" 304 - "http://localhost:3000/news" "Mozilla/5.0 (iPhone; CPU iPhone OS 9_1 like Mac OS X) AppleWebKit/601.1.46 (KHTML, like Gecko) Version/9.0 Mobile/13B143 Safari/601.1"
::1 - - [11/Jul/2016:00:59:55 +0000] "GET /queryByCat?cat=3 HTTP/1.1" 304 - "http://localhost:3000/news" "Mozilla/5.0 (iPhone; CPU iPhone OS 9_1 like Mac OS X) AppleWebKit/601.1.46 (KHTML, like Gecko) Version/9.0 Mobile/13B143 Safari/601.1"
::1 - - [11/Jul/2016:00:59:56 +0000] "GET /queryByCat?cat=4 HTTP/1.1" 200 559 "http://localhost:3000/news" "Mozilla/5.0 (iPhone; CPU iPhone OS 9_1 like Mac OS X) AppleWebKit/601.1.46 (KHTML, like Gecko) Version/9.0 Mobile/13B143 Safari/601.1"
::1 - - [11/Jul/2016:00:59:56 +0000] "GET /queryByCat?cat=9 HTTP/1.1" 200 213 "http://localhost:3000/news" "Mozilla/5.0 (iPhone; CPU iPhone OS 9_1 like Mac OS X) AppleWebKit/601.1.46 (KHTML, like Gecko) Version/9.0 Mobile/13B143 Safari/601.1"
::1 - - [11/Jul/2016:00:59:57 +0000] "GET /queryByCat?cat=5 HTTP/1.1" 200 463 "http://localhost:3000/news" "Mozilla/5.0 (iPhone; CPU iPhone OS 9_1 like Mac OS X) AppleWebKit/601.1.46 (KHTML, like Gecko) Version/9.0 Mobile/13B143 Safari/601.1"
::1 - - [11/Jul/2016:00:59:58 +0000] "GET /queryByCat?cat=5 HTTP/1.1" 304 - "http://localhost:3000/news" "Mozilla/5.0 (iPhone; CPU iPhone OS 9_1 like Mac OS X) AppleWebKit/601.1.46 (KHTML, like Gecko) Version/9.0 Mobile/13B143 Safari/601.1"
::1 - - [11/Jul/2016:00:59:58 +0000] "GET /queryByCat?cat=4 HTTP/1.1" 304 - "http://localhost:3000/news" "Mozilla/5.0 (iPhone; CPU iPhone OS 9_1 like Mac OS X) AppleWebKit/601.1.46 (KHTML, like Gecko) Version/9.0 Mobile/13B143 Safari/601.1"
::1 - - [11/Jul/2016:00:59:59 +0000] "GET /queryByCat?cat=9 HTTP/1.1" 304 - "http://localhost:3000/news" "Mozilla/5.0 (iPhone; CPU iPhone OS 9_1 like Mac OS X) AppleWebKit/601.1.46 (KHTML, like Gecko) Version/9.0 Mobile/13B143 Safari/601.1"
::1 - - [11/Jul/2016:01:00:00 +0000] "GET /queryByCat?cat=8 HTTP/1.1" 304 - "http://localhost:3000/news" "Mozilla/5.0 (iPhone; CPU iPhone OS 9_1 like Mac OS X) AppleWebKit/601.1.46 (KHTML, like Gecko) Version/9.0 Mobile/13B143 Safari/601.1"
::1 - - [11/Jul/2016:01:00:00 +0000] "GET /queryByCat?cat=3 HTTP/1.1" 304 - "http://localhost:3000/news" "Mozilla/5.0 (iPhone; CPU iPhone OS 9_1 like Mac OS X) AppleWebKit/601.1.46 (KHTML, like Gecko) Version/9.0 Mobile/13B143 Safari/601.1"
::1 - - [11/Jul/2016:01:00:01 +0000] "GET /queryByCat?cat=2 HTTP/1.1" 304 - "http://localhost:3000/news" "Mozilla/5.0 (iPhone; CPU iPhone OS 9_1 like Mac OS X) AppleWebKit/601.1.46 (KHTML, like Gecko) Version/9.0 Mobile/13B143 Safari/601.1"
::1 - - [11/Jul/2016:01:00:01 +0000] "GET /queryByCat?cat=7 HTTP/1.1" 304 - "http://localhost:3000/news" "Mozilla/5.0 (iPhone; CPU iPhone OS 9_1 like Mac OS X) AppleWebKit/601.1.46 (KHTML, like Gecko) Version/9.0 Mobile/13B143 Safari/601.1"
::1 - - [11/Jul/2016:01:03:41 +0000] "GET / HTTP/1.1" 302 56 "-" "Mozilla/5.0 (iPhone; CPU iPhone OS 9_1 like Mac OS X) AppleWebKit/601.1.46 (KHTML, like Gecko) Version/9.0 Mobile/13B143 Safari/601.1"
::1 - - [11/Jul/2016:01:03:41 +0000] "GET /login HTTP/1.1" 200 1285 "-" "Mozilla/5.0 (iPhone; CPU iPhone OS 9_1 like Mac OS X) AppleWebKit/601.1.46 (KHTML, like Gecko) Version/9.0 Mobile/13B143 Safari/601.1"
::1 - - [11/Jul/2016:01:03:46 +0000] "POST /login HTTP/1.1" 302 46 "http://localhost:3000/login" "Mozilla/5.0 (Windows NT 6.1; WOW64) AppleWebKit/537.36 (KHTML, like Gecko) Chrome/51.0.2704.84 Safari/537.36"
::1 - - [11/Jul/2016:01:03:47 +0000] "GET / HTTP/1.1" 200 3136 "http://localhost:3000/login" "Mozilla/5.0 (Windows NT 6.1; WOW64) AppleWebKit/537.36 (KHTML, like Gecko) Chrome/51.0.2704.84 Safari/537.36"
::1 - - [11/Jul/2016:01:03:47 +0000] "GET /queryall HTTP/1.1" 304 - "http://localhost:3000/" "Mozilla/5.0 (Windows NT 6.1; WOW64) AppleWebKit/537.36 (KHTML, like Gecko) Chrome/51.0.2704.84 Safari/537.36"
::ffff:127.0.0.1 - - [11/Jul/2016:01:24:50 +0000] "GET / HTTP/1.1" 302 56 "-" "Mozilla/5.0 (Windows NT 6.1; WOW64; rv:46.0) Gecko/20100101 Firefox/46.0"
::ffff:127.0.0.1 - - [11/Jul/2016:01:24:50 +0000] "GET /login HTTP/1.1" 200 1285 "-" "Mozilla/5.0 (Windows NT 6.1; WOW64; rv:46.0) Gecko/20100101 Firefox/46.0"
::ffff:127.0.0.1 - - [11/Jul/2016:01:24:50 +0000] "GET /favicon.ico HTTP/1.1" 404 1146 "-" "Mozilla/5.0 (Windows NT 6.1; WOW64; rv:46.0) Gecko/20100101 Firefox/46.0"
::ffff:127.0.0.1 - - [11/Jul/2016:01:24:51 +0000] "GET /favicon.ico HTTP/1.1" 404 1146 "-" "Mozilla/5.0 (Windows NT 6.1; WOW64; rv:46.0) Gecko/20100101 Firefox/46.0"
::ffff:127.0.0.1 - - [11/Jul/2016:01:26:58 +0000] "GET / HTTP/1.1" 302 56 "-" "Mozilla/5.0 (Windows NT 6.1; WOW64; rv:46.0) Gecko/20100101 Firefox/46.0"
::ffff:127.0.0.1 - - [11/Jul/2016:01:26:58 +0000] "GET /login HTTP/1.1" 200 1285 "-" "Mozilla/5.0 (Windows NT 6.1; WOW64; rv:46.0) Gecko/20100101 Firefox/46.0"
::ffff:127.0.0.1 - - [11/Jul/2016:01:26:58 +0000] "GET /favicon.ico HTTP/1.1" 404 1146 "-" "Mozilla/5.0 (Windows NT 6.1; WOW64; rv:46.0) Gecko/20100101 Firefox/46.0"
::ffff:127.0.0.1 - - [11/Jul/2016:01:26:59 +0000] "GET /favicon.ico HTTP/1.1" 404 1146 "-" "Mozilla/5.0 (Windows NT 6.1; WOW64; rv:46.0) Gecko/20100101 Firefox/46.0"
::ffff:127.0.0.1 - - [11/Jul/2016:01:27:02 +0000] "POST /login HTTP/1.1" 302 46 "http://localhost:3000/login" "Mozilla/5.0 (Windows NT 6.1; WOW64; rv:46.0) Gecko/20100101 Firefox/46.0"
::ffff:127.0.0.1 - - [11/Jul/2016:01:27:02 +0000] "GET / HTTP/1.1" 200 3136 "http://localhost:3000/login" "Mozilla/5.0 (Windows NT 6.1; WOW64; rv:46.0) Gecko/20100101 Firefox/46.0"
::ffff:127.0.0.1 - - [11/Jul/2016:01:27:03 +0000] "GET /queryall HTTP/1.1" 200 5333 "http://localhost:3000/" "Mozilla/5.0 (Windows NT 6.1; WOW64; rv:46.0) Gecko/20100101 Firefox/46.0"
::ffff:127.0.0.1 - - [11/Jul/2016:01:27:13 +0000] "GET /news HTTP/1.1" 200 9214 "-" "Mozilla/5.0 (Windows NT 6.1; WOW64; rv:46.0) Gecko/20100101 Firefox/46.0"
::ffff:127.0.0.1 - - [11/Jul/2016:01:27:13 +0000] "GET /queryall HTTP/1.1" 304 - "http://localhost:3000/news" "Mozilla/5.0 (Windows NT 6.1; WOW64; rv:46.0) Gecko/20100101 Firefox/46.0"
::ffff:127.0.0.1 - - [11/Jul/2016:01:27:45 +0000] "GET /queryByCat?cat=2 HTTP/1.1" 200 1229 "http://localhost:3000/news" "Mozilla/5.0 (Windows NT 6.1; WOW64; rv:46.0) Gecko/20100101 Firefox/46.0"
::ffff:127.0.0.1 - - [11/Jul/2016:01:27:48 +0000] "GET /queryByCat?cat=1 HTTP/1.1" 200 1290 "http://localhost:3000/news" "Mozilla/5.0 (Windows NT 6.1; WOW64; rv:46.0) Gecko/20100101 Firefox/46.0"
::ffff:127.0.0.1 - - [11/Jul/2016:01:27:52 +0000] "GET /queryByCat?cat=7 HTTP/1.1" 200 195 "http://localhost:3000/news" "Mozilla/5.0 (Windows NT 6.1; WOW64; rv:46.0) Gecko/20100101 Firefox/46.0"
::1 - - [11/Jul/2016:13:24:55 +0000] "GET / HTTP/1.1" 302 56 "-" "Mozilla/5.0 (Windows NT 6.1; WOW64) AppleWebKit/537.36 (KHTML, like Gecko) Chrome/51.0.2704.84 Safari/537.36"
::1 - - [11/Jul/2016:13:24:55 +0000] "GET /login HTTP/1.1" 200 1285 "-" "Mozilla/5.0 (Windows NT 6.1; WOW64) AppleWebKit/537.36 (KHTML, like Gecko) Chrome/51.0.2704.84 Safari/537.36"
::1 - - [11/Jul/2016:13:25:01 +0000] "POST /login HTTP/1.1" 500 2904 "http://localhost:3000/login" "Mozilla/5.0 (Windows NT 6.1; WOW64) AppleWebKit/537.36 (KHTML, like Gecko) Chrome/51.0.2704.84 Safari/537.36"
::1 - - [11/Jul/2016:13:25:15 +0000] "GET /news HTTP/1.1" 304 - "-" "Mozilla/5.0 (Windows NT 6.1; WOW64) AppleWebKit/537.36 (KHTML, like Gecko) Chrome/51.0.2704.84 Safari/537.36"
::1 - - [11/Jul/2016:13:25:16 +0000] "GET /queryall HTTP/1.1" 304 - "http://localhost:3000/news" "Mozilla/5.0 (Windows NT 6.1; WOW64) AppleWebKit/537.36 (KHTML, like Gecko) Chrome/51.0.2704.84 Safari/537.36"
::1 - - [11/Jul/2016:13:25:17 +0000] "GET /queryByCat?cat=2 HTTP/1.1" 304 - "http://localhost:3000/news" "Mozilla/5.0 (Windows NT 6.1; WOW64) AppleWebKit/537.36 (KHTML, like Gecko) Chrome/51.0.2704.84 Safari/537.36"
::1 - - [11/Jul/2016:13:25:21 +0000] "GET /queryByCat?cat=1 HTTP/1.1" 304 - "http://localhost:3000/news" "Mozilla/5.0 (Windows NT 6.1; WOW64) AppleWebKit/537.36 (KHTML, like Gecko) Chrome/51.0.2704.84 Safari/537.36"
::1 - - [11/Jul/2016:13:25:53 +0000] "GET /news HTTP/1.1" 304 - "-" "Mozilla/5.0 (Windows NT 6.1; WOW64) AppleWebKit/537.36 (KHTML, like Gecko) Chrome/51.0.2704.84 Safari/537.36"
::1 - - [11/Jul/2016:13:25:53 +0000] "GET /queryall HTTP/1.1" 304 - "http://localhost:3000/news" "Mozilla/5.0 (Windows NT 6.1; WOW64) AppleWebKit/537.36 (KHTML, like Gecko) Chrome/51.0.2704.84 Safari/537.36"
::1 - - [11/Jul/2016:13:26:00 +0000] "GET /queryByCat?cat=9 HTTP/1.1" 304 - "http://localhost:3000/news" "Mozilla/5.0 (iPhone; CPU iPhone OS 9_1 like Mac OS X) AppleWebKit/601.1.46 (KHTML, like Gecko) Version/9.0 Mobile/13B143 Safari/601.1"
::1 - - [11/Jul/2016:13:26:00 +0000] "GET /queryByCat?cat=4 HTTP/1.1" 304 - "http://localhost:3000/news" "Mozilla/5.0 (iPhone; CPU iPhone OS 9_1 like Mac OS X) AppleWebKit/601.1.46 (KHTML, like Gecko) Version/9.0 Mobile/13B143 Safari/601.1"
::1 - - [11/Jul/2016:13:26:01 +0000] "GET /queryByCat?cat=3 HTTP/1.1" 304 - "http://localhost:3000/news" "Mozilla/5.0 (iPhone; CPU iPhone OS 9_1 like Mac OS X) AppleWebKit/601.1.46 (KHTML, like Gecko) Version/9.0 Mobile/13B143 Safari/601.1"
::1 - - [11/Jul/2016:13:26:01 +0000] "GET /queryByCat?cat=2 HTTP/1.1" 304 - "http://localhost:3000/news" "Mozilla/5.0 (iPhone; CPU iPhone OS 9_1 like Mac OS X) AppleWebKit/601.1.46 (KHTML, like Gecko) Version/9.0 Mobile/13B143 Safari/601.1"
::1 - - [11/Jul/2016:13:26:02 +0000] "GET /queryByCat?cat=7 HTTP/1.1" 304 - "http://localhost:3000/news" "Mozilla/5.0 (iPhone; CPU iPhone OS 9_1 like Mac OS X) AppleWebKit/601.1.46 (KHTML, like Gecko) Version/9.0 Mobile/13B143 Safari/601.1"
::1 - - [11/Jul/2016:13:26:02 +0000] "GET /queryByCat?cat=6 HTTP/1.1" 304 - "http://localhost:3000/news" "Mozilla/5.0 (iPhone; CPU iPhone OS 9_1 like Mac OS X) AppleWebKit/601.1.46 (KHTML, like Gecko) Version/9.0 Mobile/13B143 Safari/601.1"
::1 - - [11/Jul/2016:13:26:03 +0000] "GET /queryByCat?cat=1 HTTP/1.1" 304 - "http://localhost:3000/news" "Mozilla/5.0 (iPhone; CPU iPhone OS 9_1 like Mac OS X) AppleWebKit/601.1.46 (KHTML, like Gecko) Version/9.0 Mobile/13B143 Safari/601.1"
::1 - - [11/Jul/2016:13:27:42 +0000] "GET / HTTP/1.1" 302 56 "-" "Mozilla/5.0 (iPhone; CPU iPhone OS 9_1 like Mac OS X) AppleWebKit/601.1.46 (KHTML, like Gecko) Version/9.0 Mobile/13B143 Safari/601.1"
::1 - - [11/Jul/2016:13:27:42 +0000] "GET /login HTTP/1.1" 200 1285 "-" "Mozilla/5.0 (iPhone; CPU iPhone OS 9_1 like Mac OS X) AppleWebKit/601.1.46 (KHTML, like Gecko) Version/9.0 Mobile/13B143 Safari/601.1"
::1 - - [11/Jul/2016:13:28:38 +0000] "GET /login HTTP/1.1" 200 1285 "-" "Mozilla/5.0 (Windows NT 6.1; WOW64) AppleWebKit/537.36 (KHTML, like Gecko) Chrome/51.0.2704.84 Safari/537.36"
::1 - - [11/Jul/2016:13:28:41 +0000] "POST /login HTTP/1.1" 500 2904 "http://localhost:3000/login" "Mozilla/5.0 (Windows NT 6.1; WOW64) AppleWebKit/537.36 (KHTML, like Gecko) Chrome/51.0.2704.84 Safari/537.36"
::1 - - [11/Jul/2016:13:29:23 +0000] "POST /login HTTP/1.1" 500 2905 "http://localhost:3000/login" "Mozilla/5.0 (Windows NT 6.1; WOW64) AppleWebKit/537.36 (KHTML, like Gecko) Chrome/51.0.2704.84 Safari/537.36"
::1 - - [11/Jul/2016:13:29:32 +0000] "POST /login HTTP/1.1" 500 2905 "http://localhost:3000/login" "Mozilla/5.0 (Windows NT 6.1; WOW64) AppleWebKit/537.36 (KHTML, like Gecko) Chrome/51.0.2704.84 Safari/537.36"
::1 - - [11/Jul/2016:13:29:41 +0000] "GET / HTTP/1.1" 302 56 "-" "Mozilla/5.0 (Windows NT 6.1; WOW64) AppleWebKit/537.36 (KHTML, like Gecko) Chrome/51.0.2704.84 Safari/537.36"
::1 - - [11/Jul/2016:13:29:41 +0000] "GET /login HTTP/1.1" 200 1285 "-" "Mozilla/5.0 (Windows NT 6.1; WOW64) AppleWebKit/537.36 (KHTML, like Gecko) Chrome/51.0.2704.84 Safari/537.36"
::1 - - [11/Jul/2016:13:29:45 +0000] "POST /login HTTP/1.1" 500 2905 "http://localhost:3000/login" "Mozilla/5.0 (Windows NT 6.1; WOW64) AppleWebKit/537.36 (KHTML, like Gecko) Chrome/51.0.2704.84 Safari/537.36"
::1 - - [11/Jul/2016:13:37:02 +0000] "GET / HTTP/1.1" 302 56 "-" "Mozilla/5.0 (Windows NT 6.1; WOW64) AppleWebKit/537.36 (KHTML, like Gecko) Chrome/51.0.2704.84 Safari/537.36"
::1 - - [11/Jul/2016:13:37:02 +0000] "GET /login HTTP/1.1" 200 1285 "-" "Mozilla/5.0 (Windows NT 6.1; WOW64) AppleWebKit/537.36 (KHTML, like Gecko) Chrome/51.0.2704.84 Safari/537.36"
::1 - - [11/Jul/2016:13:37:03 +0000] "GET / HTTP/1.1" 302 56 "-" "Mozilla/5.0 (Windows NT 6.1; WOW64) AppleWebKit/537.36 (KHTML, like Gecko) Chrome/51.0.2704.84 Safari/537.36"
::1 - - [11/Jul/2016:13:37:03 +0000] "GET /login HTTP/1.1" 200 1285 "-" "Mozilla/5.0 (Windows NT 6.1; WOW64) AppleWebKit/537.36 (KHTML, like Gecko) Chrome/51.0.2704.84 Safari/537.36"
::1 - - [11/Jul/2016:13:37:07 +0000] "POST /login HTTP/1.1" 302 46 "http://localhost:3000/login" "Mozilla/5.0 (Windows NT 6.1; WOW64) AppleWebKit/537.36 (KHTML, like Gecko) Chrome/51.0.2704.84 Safari/537.36"
::1 - - [11/Jul/2016:13:37:07 +0000] "GET / HTTP/1.1" 200 3884 "http://localhost:3000/login" "Mozilla/5.0 (Windows NT 6.1; WOW64) AppleWebKit/537.36 (KHTML, like Gecko) Chrome/51.0.2704.84 Safari/537.36"
::1 - - [11/Jul/2016:13:37:07 +0000] "GET /queryall HTTP/1.1" 304 - "http://localhost:3000/" "Mozilla/5.0 (Windows NT 6.1; WOW64) AppleWebKit/537.36 (KHTML, like Gecko) Chrome/51.0.2704.84 Safari/537.36"
::1 - - [11/Jul/2016:13:37:12 +0000] "GET / HTTP/1.1" 200 3884 "http://localhost:3000/" "Mozilla/5.0 (Windows NT 6.1; WOW64) AppleWebKit/537.36 (KHTML, like Gecko) Chrome/51.0.2704.84 Safari/537.36"
::1 - - [11/Jul/2016:13:37:12 +0000] "GET /queryall HTTP/1.1" 304 - "http://localhost:3000/" "Mozilla/5.0 (Windows NT 6.1; WOW64) AppleWebKit/537.36 (KHTML, like Gecko) Chrome/51.0.2704.84 Safari/537.36"
::1 - - [11/Jul/2016:13:37:14 +0000] "GET /logout HTTP/1.1" 404 1147 "http://localhost:3000/" "Mozilla/5.0 (Windows NT 6.1; WOW64) AppleWebKit/537.36 (KHTML, like Gecko) Chrome/51.0.2704.84 Safari/537.36"
::1 - - [11/Jul/2016:13:42:03 +0000] "GET / HTTP/1.1" 302 56 "http://localhost:3000/" "Mozilla/5.0 (Windows NT 6.1; WOW64) AppleWebKit/537.36 (KHTML, like Gecko) Chrome/51.0.2704.84 Safari/537.36"
::1 - - [11/Jul/2016:13:42:03 +0000] "GET /login HTTP/1.1" 200 1285 "http://localhost:3000/" "Mozilla/5.0 (Windows NT 6.1; WOW64) AppleWebKit/537.36 (KHTML, like Gecko) Chrome/51.0.2704.84 Safari/537.36"
::1 - - [11/Jul/2016:13:42:07 +0000] "POST /login HTTP/1.1" 302 46 "http://localhost:3000/login" "Mozilla/5.0 (Windows NT 6.1; WOW64) AppleWebKit/537.36 (KHTML, like Gecko) Chrome/51.0.2704.84 Safari/537.36"
::1 - - [11/Jul/2016:13:42:07 +0000] "GET / HTTP/1.1" 200 3136 "http://localhost:3000/login" "Mozilla/5.0 (Windows NT 6.1; WOW64) AppleWebKit/537.36 (KHTML, like Gecko) Chrome/51.0.2704.84 Safari/537.36"
::1 - - [11/Jul/2016:13:42:07 +0000] "GET /queryall HTTP/1.1" 304 - "http://localhost:3000/" "Mozilla/5.0 (Windows NT 6.1; WOW64) AppleWebKit/537.36 (KHTML, like Gecko) Chrome/51.0.2704.84 Safari/537.36"
::1 - - [11/Jul/2016:13:43:20 +0000] "GET / HTTP/1.1" 302 56 "http://localhost:3000/login" "Mozilla/5.0 (Windows NT 6.1; WOW64) AppleWebKit/537.36 (KHTML, like Gecko) Chrome/51.0.2704.84 Safari/537.36"
::1 - - [11/Jul/2016:13:43:20 +0000] "GET /login HTTP/1.1" 500 2893 "http://localhost:3000/login" "Mozilla/5.0 (Windows NT 6.1; WOW64) AppleWebKit/537.36 (KHTML, like Gecko) Chrome/51.0.2704.84 Safari/537.36"
::1 - - [11/Jul/2016:13:43:45 +0000] "GET /login HTTP/1.1" 200 1285 "http://localhost:3000/login" "Mozilla/5.0 (Windows NT 6.1; WOW64) AppleWebKit/537.36 (KHTML, like Gecko) Chrome/51.0.2704.84 Safari/537.36"
::1 - - [11/Jul/2016:13:43:48 +0000] "POST /login HTTP/1.1" 200 1412 "http://localhost:3000/login" "Mozilla/5.0 (Windows NT 6.1; WOW64) AppleWebKit/537.36 (KHTML, like Gecko) Chrome/51.0.2704.84 Safari/537.36"
::1 - - [11/Jul/2016:13:46:37 +0000] "GET / HTTP/1.1" 302 56 "-" "Mozilla/5.0 (Windows NT 6.1; WOW64) AppleWebKit/537.36 (KHTML, like Gecko) Chrome/51.0.2704.84 Safari/537.36"
::1 - - [11/Jul/2016:13:46:37 +0000] "GET /login HTTP/1.1" 200 1285 "-" "Mozilla/5.0 (Windows NT 6.1; WOW64) AppleWebKit/537.36 (KHTML, like Gecko) Chrome/51.0.2704.84 Safari/537.36"
::1 - - [11/Jul/2016:13:46:39 +0000] "GET /signUp HTTP/1.1" 200 1343 "http://localhost:3000/login" "Mozilla/5.0 (Windows NT 6.1; WOW64) AppleWebKit/537.36 (KHTML, like Gecko) Chrome/51.0.2704.84 Safari/537.36"
::1 - - [11/Jul/2016:13:46:43 +0000] "POST /signUp HTTP/1.1" 200 1457 "http://localhost:3000/signUp" "Mozilla/5.0 (Windows NT 6.1; WOW64) AppleWebKit/537.36 (KHTML, like Gecko) Chrome/51.0.2704.84 Safari/537.36"
